p/1638961633147.jpg 1 0 0 86 86
p/1638961620692.jpg 1 0 0 67 67
p/1638961609452.jpg 1 0 0 72 72
p/1638961591836.jpg 1 0 0 81 81
p/1638961588509.jpg 1 0 0 87 87
p/1638961584915.jpg 1 0 0 103 103
p/1638961574268.jpg 1 0 0 91 91
p/1638961545756.jpg 1 0 0 106 106
p/1638961532843.jpg 1 0 0 55 55
p/1638961521092.jpg 1 0 0 86 86
p/1638961517460.jpg 1 0 0 96 96
p/1638961513530.jpg 1 0 0 111 111
p/1638961508827.jpg 1 0 0 137 137
p/1638961503171.jpg 1 0 0 141 141
p/1638961498484.jpg 1 0 0 158 158
p/1638961487526.jpg 1 0 0 87 87
p/1638961483109.jpg 1 0 0 84 84
p/1638961476659.jpg 1 0 0 82 82
p/1638961472155.jpg 1 0 0 94 94
p/1638961467235.jpg 1 0 0 110 110
p/1638961463419.jpg 1 0 0 120 120
p/1638961439676.jpg 1 0 0 77 77
p/1638961426372.jpg 1 0 0 99 99
p/1638961415317.jpg 1 0 0 100 100
p/1638961411527.jpg 1 0 0 99 99
p/1638961408794.jpg 1 0 0 99 99
p/1638961406744.jpg 1 0 0 85 85
p/1638961400623.jpg 1 0 0 75 75
p/1638961396828.jpg 1 0 0 99 99
p/1638961395519.jpg 1 0 0 69 69
p/1638961393269.jpg 1 0 0 117 117
p/1638961391209.jpg 1 0 0 66 66
p/1638961390021.jpg 1 0 0 124 124
p/1638961386158.jpg 1 0 0 60 60
p/1638961385812.jpg 1 0 0 177 177
p/1638961381271.jpg 1 0 0 58 58
p/1638961376752.jpg 1 0 0 56 56
p/1638961371591.jpg 1 0 0 57 57
p/1638961371764.jpg 1 0 0 89 89
p/1638961368147.jpg 1 0 0 84 84
p/1638961365616.jpg 1 0 0 55 55
p/1638961364140.jpg 1 0 0 91 91
p/1638961361088.jpg 1 0 0 58 58
p/1638961357198.jpg 1 0 0 53 53
p/1638961353175.jpg 1 0 0 44 44
p/1638961352188.jpg 1 0 0 94 94
p/1638961335854.jpg 1 0 0 139 139
p/1638961335652.jpg 1 0 0 142 142
p/1638961332215.jpg 1 0 0 122 122
p/1638961332187.jpg 1 0 0 153 153
p/1638961328359.jpg 1 0 0 113 113
p/1638961328700.jpg 1 0 0 130 130
p/1638961324222.jpg 1 0 0 99 99
p/1638961325861.jpg 1 0 0 127 127
p/1638961322891.jpg 1 0 0 108 108
p/1638961320854.jpg 1 0 0 93 93
p/1638961319004.jpg 1 0 0 117 117
p/1638961316087.jpg 1 0 0 82 82
p/1638961315651.jpg 1 0 0 99 99
p/1638961312301.jpg 1 0 0 113 113
p/1638961309148.jpg 1 0 0 105 105
p/1638961306222.jpg 1 0 0 167 167
p/1638961305739.jpg 1 0 0 86 86
p/1638961302930.jpg 1 0 0 106 106
p/1638961300942.jpg 1 0 0 142 142
p/1638961299979.jpg 1 0 0 98 98
p/1638961294447.jpg 1 0 0 116 116
p/1638961293917.jpg 1 0 0 96 96
p/1638961290450.jpg 1 0 0 104 104
p/1638961290701.jpg 1 0 0 111 111
p/1638961285046.jpg 1 0 0 91 91
p/1638961280824.jpg 1 0 0 80 80
p/1638961278724.jpg 1 0 0 148 148
p/1638961276071.jpg 1 0 0 69 69
p/1638961271750.jpg 1 0 0 67 67
p/1638961267207.jpg 1 0 0 61 61
p/1638961262470.jpg 1 0 0 55 55
p/1638961257215.jpg 1 0 0 51 51
p/1638961252573.jpg 1 0 0 51 51
p/1638961248895.jpg 1 0 0 47 47
p/1638961246692.jpg 1 0 0 93 93
p/1638961245222.jpg 1 0 0 49 49
p/1638961240807.jpg 1 0 0 43 43
p/1638961235808.jpg 1 0 0 42 42
p/1638961231494.jpg 1 0 0 41 41
p/1638961219677.jpg 1 0 0 82 82
p/1638961215648.jpg 1 0 0 56 56
p/1638961201374.jpg 1 0 0 39 39
p/1638961196575.jpg 1 0 0 29 29
p/1638961191025.jpg 1 0 0 21 21
p/1638961185302.jpg 1 0 0 24 24
p/1638961181374.jpg 1 0 0 20 20
p/1638961167639.jpg 1 0 0 45 45
p/1638961163352.jpg 1 0 0 39 39
p/1638961159470.jpg 1 0 0 35 35
p/1638961154993.jpg 1 0 0 28 28
p/1638961148564.jpg 1 0 0 108 108
p/1638961144812.jpg 1 0 0 129 129
p/1638961134824.jpg 1 0 0 46 46
p/1638961132757.jpg 1 0 0 94 94
p/1638961128929.jpg 1 0 0 40 40
p/1638961120244.jpg 1 0 0 96 96
p/1638961119534.jpg 1 0 0 76 76
p/1638961115887.jpg 1 0 0 65 65
p/1638961115212.jpg 1 0 0 105 105
p/1638961112577.jpg 1 0 0 50 50
p/1638961105607.jpg 1 0 0 42 42
p/1638961099164.jpg 1 0 0 96 96
p/1638961096041.jpg 1 0 0 63 63
p/1638961092405.jpg 1 0 0 50 50
p/1638961088537.jpg 1 0 0 45 45
p/1638961084007.jpg 1 0 0 45 45
p/1638961080477.jpg 1 0 0 41 41
p/1638961076846.jpg 1 0 0 39 39
p/1638961072798.jpg 1 0 0 32 32
p/1638961068846.jpg 1 0 0 30 30
p/1638961064342.jpg 1 0 0 25 25
p/1638961063948.jpg 1 0 0 60 60
p/1638961059079.jpg 1 0 0 25 25
p/1638961059252.jpg 1 0 0 67 67
p/1638961052662.jpg 1 0 0 26 26
p/1638961047581.jpg 1 0 0 65 65
p/1638961038839.jpg 1 0 0 45 45
p/1638961035662.jpg 1 0 0 46 46
p/1638961035621.jpg 1 0 0 50 50
p/1638961030586.jpg 1 0 0 44 44
p/1638961026848.jpg 1 0 0 40 40
p/1638961021544.jpg 1 0 0 49 49
p/1638961014897.jpg 1 0 0 32 32
p/1638961010061.jpg 1 0 0 63 63
p/1638961006340.jpg 1 0 0 82 82
p/1638961001329.jpg 1 0 0 43 43
p/1638961001836.jpg 1 0 0 108 108
p/1638960977957.jpg 1 0 0 62 62
p/1638960974042.jpg 1 0 0 69 69
p/1638960973007.jpg 1 0 0 128 128
p/1638960968559.jpg 1 0 0 113 113
p/1638960964510.jpg 1 0 0 101 101
p/1638960959229.jpg 1 0 0 93 93
p/1638960954008.jpg 1 0 0 85 85
p/1638960953332.jpg 1 0 0 45 45
p/1638960948822.jpg 1 0 0 81 81
p/1638960942366.jpg 1 0 0 78 78
p/1638960936407.jpg 1 0 0 67 67
p/1638960928838.jpg 1 0 0 63 63
p/1638960923344.jpg 1 0 0 60 60
p/1638960915679.jpg 1 0 0 120 120
p/1638960911183.jpg 1 0 0 109 109
p/1638960910346.jpg 1 0 0 120 120
p/1638960907254.jpg 1 0 0 96 96
p/1638960903136.jpg 1 0 0 87 87
p/1638960898487.jpg 1 0 0 81 81
p/1638960897364.jpg 1 0 0 58 58
p/1638960896068.jpg 1 0 0 58 58
p/1638960894037.jpg 1 0 0 69 69
p/1638960890238.jpg 1 0 0 61 61
p/1638960885911.jpg 1 0 0 53 53
p/1638960885733.jpg 1 0 0 63 63
p/1638960881336.jpg 1 0 0 48 48
p/1638960881989.jpg 1 0 0 79 79
p/1638960876815.jpg 1 0 0 44 44
p/1638960872662.jpg 1 0 0 42 42
p/1638960870661.jpg 1 0 0 65 65
p/1638960865288.jpg 1 0 0 80 80
p/1638960860487.jpg 1 0 0 77 77
p/1638960855089.jpg 1 0 0 59 59
p/1638960845711.jpg 1 0 0 77 77
p/1638960840766.jpg 1 0 0 69 69
p/1638960836119.jpg 1 0 0 67 67
p/1638960830535.jpg 1 0 0 59 59
p/1638960826582.jpg 1 0 0 52 52
p/1638960822758.jpg 1 0 0 50 50
p/1638960818902.jpg 1 0 0 47 47
p/1638960814718.jpg 1 0 0 45 45
p/1638960810953.jpg 1 0 0 41 41
p/1638960806958.jpg 1 0 0 39 39
p/1638960787191.jpg 1 0 0 92 92
p/1638960782767.jpg 1 0 0 77 77
p/1638960782581.jpg 1 0 0 55 55
p/1638960778566.jpg 1 0 0 55 55
p/1638960778211.jpg 1 0 0 82 82
p/1638960774295.jpg 1 0 0 51 51
p/1638960758870.jpg 1 0 0 94 94
p/1638960755654.jpg 1 0 0 73 73
p/1638960755869.jpg 1 0 0 62 62
p/1638960752223.jpg 1 0 0 60 60
p/1638960748800.jpg 1 0 0 50 50
p/1638960745606.jpg 1 0 0 44 44
p/1638960743662.jpg 1 0 0 94 94
p/1638960739549.jpg 1 0 0 120 120
p/1638960737888.jpg 1 0 0 66 66
p/1638960732294.jpg 1 0 0 55 55
p/1638960728702.jpg 1 0 0 52 52
p/1638960728044.jpg 1 0 0 72 72
p/1638960724841.jpg 1 0 0 45 45
p/1638960721414.jpg 1 0 0 42 42
p/1638960713896.jpg 1 0 0 113 113
p/1638960712726.jpg 1 0 0 57 57
p/1638960709840.jpg 1 0 0 93 93
p/1638960705330.jpg 1 0 0 76 76
p/1638960701295.jpg 1 0 0 72 72
p/1638960699758.jpg 1 0 0 62 62
p/1638960695983.jpg 1 0 0 65 65
p/1638960695757.jpg 1 0 0 81 81
p/1638960690999.jpg 1 0 0 56 56
p/1638960687520.jpg 1 0 0 53 53
p/1638960683850.jpg 1 0 0 52 52
p/1638960680150.jpg 1 0 0 44 44
p/1638960676950.jpg 1 0 0 40 40
p/1638960662622.jpg 1 0 0 108 108
p/1638960658861.jpg 1 0 0 117 117
p/1638960649030.jpg 1 0 0 75 75
p/1638960645197.jpg 1 0 0 62 62
p/1638960639501.jpg 1 0 0 113 113
p/1638960636230.jpg 1 0 0 125 125
p/1638960630824.jpg 1 0 0 58 58
p/1638960624638.jpg 1 0 0 53 53
p/1638960620822.jpg 1 0 0 50 50
p/1638960617463.jpg 1 0 0 41 41
p/1638960617437.jpg 1 0 0 82 82
p/1638960613910.jpg 1 0 0 32 32
p/1638960610254.jpg 1 0 0 29 29
p/1638960611788.jpg 1 0 0 105 105
p/1638960603366.jpg 1 0 0 55 55
p/1638960599404.jpg 1 0 0 91 91
p/1638960595045.jpg 1 0 0 47 47
p/1638960595326.jpg 1 0 0 98 98
p/1638960590934.jpg 1 0 0 40 40
p/1638960591805.jpg 1 0 0 124 124
p/1638960575607.jpg 1 0 0 64 64
p/1638960566550.jpg 1 0 0 62 62
p/1638960563302.jpg 1 0 0 61 61
p/1638960560221.jpg 1 0 0 50 50
p/1638960546070.jpg 1 0 0 119 119
p/1638960541408.jpg 1 0 0 95 95
p/1638960533351.jpg 1 0 0 84 84
p/1638960527599.jpg 1 0 0 70 70
p/1638960523718.jpg 1 0 0 64 64
p/1638960519902.jpg 1 0 0 60 60
p/1638960511324.jpg 1 0 0 118 118
p/1638960481989.jpg 1 0 0 82 82
p/1638960476908.jpg 1 0 0 106 106
p/1638960473800.jpg 1 0 0 53 53
p/1638960469457.jpg 1 0 0 53 53
p/1638960466415.jpg 1 0 0 50 50
p/1638960463119.jpg 1 0 0 53 53
p/1638960459598.jpg 1 0 0 52 52
p/1638960456359.jpg 1 0 0 51 51
p/1638960456262.jpg 1 0 0 65 65
p/1638960452608.jpg 1 0 0 56 56
p/1638960448062.jpg 1 0 0 55 55
p/1638960449483.jpg 1 0 0 74 74
p/1638960442704.jpg 1 0 0 53 53
p/1638960438966.jpg 1 0 0 47 47
p/1638960435582.jpg 1 0 0 49 49
p/1638960432014.jpg 1 0 0 49 49
p/1638960428370.jpg 1 0 0 50 50
p/1638960424118.jpg 1 0 0 46 46
p/1638960419790.jpg 1 0 0 47 47
p/1638960416048.jpg 1 0 0 46 46
p/1638960412294.jpg 1 0 0 45 45
p/1638960407670.jpg 1 0 0 42 42
p/1638960403342.jpg 1 0 0 41 41
p/1638960400310.jpg 1 0 0 70 70
p/1638960398671.jpg 1 0 0 42 42
p/1638960396350.jpg 1 0 0 70 70
p/1638960394261.jpg 1 0 0 40 40
p/1638960390096.jpg 1 0 0 42 42
p/1638960391374.jpg 1 0 0 65 65
p/1638960386504.jpg 1 0 0 44 44
p/1638960382398.jpg 1 0 0 42 42
p/1638960368079.jpg 1 0 0 40 40
p/1638960363662.jpg 1 0 0 43 43
p/1638960361064.jpg 1 0 0 44 44
p/1638960355141.jpg 1 0 0 43 43
p/1638960350438.jpg 1 0 0 42 42
p/1638960346535.jpg 1 0 0 45 45
p/1638960340758.jpg 1 0 0 45 45
p/1638960336261.jpg 1 0 0 45 45
p/1638960330973.jpg 1 0 0 43 43
p/1638960325329.jpg 1 0 0 44 44
p/1638960323918.jpg 1 0 0 81 81
p/1638960320537.jpg 1 0 0 42 42
p/1638960319230.jpg 1 0 0 101 101
p/1638960316009.jpg 1 0 0 40 40
p/1638960311439.jpg 1 0 0 41 41
p/1638960308978.jpg 1 0 0 41 41
p/1638960298129.jpg 1 0 0 56 56
p/1638960293455.jpg 1 0 0 49 49
p/1638960289918.jpg 1 0 0 51 51
p/1638960288902.jpg 1 0 0 77 77
p/1638960285128.jpg 1 0 0 56 56
p/1638960282199.jpg 1 0 0 51 51
p/1638960281334.jpg 1 0 0 89 89
p/1638960278318.jpg 1 0 0 50 50
p/1638960274831.jpg 1 0 0 49 49
p/1638960272637.jpg 1 0 0 49 49
p/1638960268848.jpg 1 0 0 50 50
p/1638960265987.jpg 1 0 0 48 48
p/1638960267807.jpg 1 0 0 87 87
p/1638960261998.jpg 1 0 0 48 48
p/1638960259581.jpg 1 0 0 50 50
p/1638960255957.jpg 1 0 0 47 47
p/1638960255445.jpg 1 0 0 81 81
p/1638960253254.jpg 1 0 0 49 49
p/1638960251670.jpg 1 0 0 96 96
p/1638960248456.jpg 1 0 0 52 52
p/1638960244686.jpg 1 0 0 47 47
p/1638960240831.jpg 1 0 0 45 45
p/1638960238128.jpg 1 0 0 49 49
p/1638960230534.jpg 1 0 0 71 71
p/1638960225920.jpg 1 0 0 68 68
p/1638960222389.jpg 1 0 0 87 87
p/1638960216461.jpg 1 0 0 108 108
p/1638960215833.jpg 1 0 0 63 63
p/1638960211279.jpg 1 0 0 69 69
p/1638960204942.jpg 1 0 0 68 68
p/1638960202646.jpg 1 0 0 67 67
p/1638960200822.jpg 1 0 0 62 62
p/1638960196623.jpg 1 0 0 57 57
p/1638960191895.jpg 1 0 0 58 58
p/1638960190398.jpg 1 0 0 57 57
p/1638960187790.jpg 1 0 0 57 57
p/1638960182543.jpg 1 0 0 52 52
p/1638960176257.jpg 1 0 0 45 45
p/1638960172756.jpg 1 0 0 57 57
p/1638960171942.jpg 1 0 0 48 48
p/1638960166710.jpg 1 0 0 60 60
p/1638960163150.jpg 1 0 0 47 47
p/1638960161381.jpg 1 0 0 77 77
p/1638960157501.jpg 1 0 0 79 79
p/1638960155614.jpg 1 0 0 51 51
p/1638960153806.jpg 1 0 0 105 105
p/1638960151097.jpg 1 0 0 49 49
p/1638960148630.jpg 1 0 0 46 46
p/1638960143695.jpg 1 0 0 44 44
p/1638960140368.jpg 1 0 0 44 44
p/1638960136006.jpg 1 0 0 44 44
p/1638960133512.jpg 1 0 0 49 49
p/1638960128487.jpg 1 0 0 41 41
p/1638960125318.jpg 1 0 0 45 45
p/1638960119970.jpg 1 0 0 47 47
p/1638960117553.jpg 1 0 0 43 43
p/1638960111014.jpg 1 0 0 39 39
p/1638960108175.jpg 1 0 0 40 40
p/1638960103063.jpg 1 0 0 38 38
p/1638960099887.jpg 1 0 0 42 42
p/1638960093942.jpg 1 0 0 39 39
p/1638960091269.jpg 1 0 0 38 38
p/1638960087617.jpg 1 0 0 39 39
p/1638960084054.jpg 1 0 0 42 42
p/1638960079959.jpg 1 0 0 42 42
p/1638960077286.jpg 1 0 0 36 36
p/1638960044829.jpg 1 0 0 59 59
p/1638960040990.jpg 1 0 0 56 56
p/1638960036086.jpg 1 0 0 50 50
p/1638960031527.jpg 1 0 0 58 58
p/1638960028375.jpg 1 0 0 54 54
p/1638960023894.jpg 1 0 0 50 50
p/1638960018070.jpg 1 0 0 56 56
p/1638960015590.jpg 1 0 0 47 47
p/1638960007847.jpg 1 0 0 51 51
p/1638960005526.jpg 1 0 0 42 42
p/1638960000806.jpg 1 0 0 47 47
p/1638959998630.jpg 1 0 0 45 45
p/1638959994478.jpg 1 0 0 49 49
p/1638959991864.jpg 1 0 0 44 44
p/1638959986497.jpg 1 0 0 51 51
p/1638959983919.jpg 1 0 0 43 43
p/1638959979871.jpg 1 0 0 48 48
p/1638959977494.jpg 1 0 0 46 46
p/1638959972582.jpg 1 0 0 48 48
p/1638959969726.jpg 1 0 0 44 44
p/1638959964847.jpg 1 0 0 47 47
p/1638959961776.jpg 1 0 0 41 41
p/1638959957039.jpg 1 0 0 47 47
p/1638959954014.jpg 1 0 0 43 43
p/1638959949901.jpg 1 0 0 50 50
p/1638959947080.jpg 1 0 0 44 44
p/1638959943086.jpg 1 0 0 47 47
p/1638959940422.jpg 1 0 0 41 41
p/1638959935398.jpg 1 0 0 44 44
p/1638959932662.jpg 1 0 0 47 47
p/1638959930246.jpg 1 0 0 43 43
p/1638959925238.jpg 1 0 0 46 46
p/1638959922606.jpg 1 0 0 45 45
p/1638959919950.jpg 1 0 0 45 45
p/1638959915174.jpg 1 0 0 41 41
p/1638959908951.jpg 1 0 0 42 42
p/1638959905375.jpg 1 0 0 41 41
p/1638959901360.jpg 1 0 0 42 42
p/1638959896624.jpg 1 0 0 39 39
p/1638959893550.jpg 1 0 0 40 40
p/1638959889221.jpg 1 0 0 37 37
p/1638959876966.jpg 1 0 0 39 39
p/1638959871280.jpg 1 0 0 39 39
p/1638959865438.jpg 1 0 0 41 41
p/1638959863398.jpg 1 0 0 41 41
p/1638959860615.jpg 1 0 0 41 41
p/1638959858056.jpg 1 0 0 37 37
p/1638959853502.jpg 1 0 0 41 41
p/1638959847750.jpg 1 0 0 39 39
p/1638959842438.jpg 1 0 0 38 38
p/1638959661253.jpg 1 0 0 93 93
p/1638959655967.jpg 1 0 0 111 111
p/1638959640902.jpg 1 0 0 89 89
p/1638959636118.jpg 1 0 0 117 117
p/1638959606583.jpg 1 0 0 91 91
p/1638959602950.jpg 1 0 0 55 55
p/1638959599134.jpg 1 0 0 47 47
p/1638959594751.jpg 1 0 0 79 79
p/1638959593950.jpg 1 0 0 42 42
p/1638959589358.jpg 1 0 0 32 32
p/1638959589158.jpg 1 0 0 91 91
p/1638959573718.jpg 1 0 0 48 48
p/1638959571264.jpg 1 0 0 86 86
p/1638959566717.jpg 1 0 0 108 108
p/1638959563591.jpg 1 0 0 66 66
p/1638959560150.jpg 1 0 0 61 61
p/1638959555726.jpg 1 0 0 54 54
p/1638959554567.jpg 1 0 0 70 70
p/1638959550614.jpg 1 0 0 70 70
p/1638959531161.jpg 1 0 0 96 96
p/1638959527246.jpg 1 0 0 79 79
p/1638959523814.jpg 1 0 0 68 68
p/1638959520336.jpg 1 0 0 63 63
p/1638959515717.jpg 1 0 0 56 56
p/1638959512231.jpg 1 0 0 55 55
p/1638959508138.jpg 1 0 0 44 44
p/1638959499637.jpg 1 0 0 53 53
p/1638959496136.jpg 1 0 0 45 45
p/1638959491807.jpg 1 0 0 35 35
p/1638959489999.jpg 1 0 0 105 105
p/1638959467494.jpg 1 0 0 105 105
p/1638959463718.jpg 1 0 0 71 71
p/1638959459534.jpg 1 0 0 61 61
p/1638959459383.jpg 1 0 0 99 99
p/1638959455830.jpg 1 0 0 54 54
p/1638959454271.jpg 1 0 0 115 115
p/1638959452141.jpg 1 0 0 46 46
p/1638959447646.jpg 1 0 0 47 47
p/1638959443199.jpg 1 0 0 39 39
p/1638959432238.jpg 1 0 0 69 69
p/1638959421190.jpg 1 0 0 98 98
p/1638959415950.jpg 1 0 0 71 71
p/1638959410926.jpg 1 0 0 67 67
p/1638959406839.jpg 1 0 0 53 53
p/1638959381495.jpg 1 0 0 77 77
p/1638959376719.jpg 1 0 0 101 101
p/1638959371110.jpg 1 0 0 118 118
p/1638959366534.jpg 1 0 0 74 74
p/1638959362342.jpg 1 0 0 46 46
p/1638959353670.jpg 1 0 0 74 74
p/1638959349656.jpg 1 0 0 70 70
p/1638959343654.jpg 1 0 0 62 62
p/1638959338823.jpg 1 0 0 47 47
p/1638959322966.jpg 1 0 0 48 48
p/1638959314422.jpg 1 0 0 91 91
p/1638959310037.jpg 1 0 0 77 77
p/1638959305998.jpg 1 0 0 76 76
p/1638959301886.jpg 1 0 0 67 67
p/1638959297700.jpg 1 0 0 67 67
p/1638959293637.jpg 1 0 0 55 55
p/1638959293471.jpg 1 0 0 75 75
p/1638959289494.jpg 1 0 0 55 55
p/1638959284159.jpg 1 0 0 48 48
p/1638959279269.jpg 1 0 0 48 48
p/1638959275229.jpg 1 0 0 45 45
p/1638959272055.jpg 1 0 0 79 79
p/1638959269717.jpg 1 0 0 45 45
p/1638959267758.jpg 1 0 0 89 89
p/1638959265261.jpg 1 0 0 42 42
p/1638959260646.jpg 1 0 0 43 43
p/1638959255438.jpg 1 0 0 41 41
p/1638959250182.jpg 1 0 0 42 42
p/1638959244348.jpg 1 0 0 46 46
p/1638959245966.jpg 1 0 0 86 86
p/1638959241655.jpg 1 0 0 111 111
p/1638959239894.jpg 1 0 0 33 33
p/1638959234134.jpg 1 0 0 25 25
p/1638959230528.jpg 1 0 0 82 82
p/1638959227990.jpg 1 0 0 143 143
p/1638959225431.jpg 1 0 0 89 89
p/1638959223709.jpg 1 0 0 129 129
p/1638959221128.jpg 1 0 0 115 115
p/1638959219077.jpg 1 0 0 110 110
p/1638959214813.jpg 1 0 0 100 100
p/1638959210526.jpg 1 0 0 90 90
p/1638959204855.jpg 1 0 0 74 74
p/1638959201086.jpg 1 0 0 67 67
p/1638959199863.jpg 1 0 0 89 89
p/1638959196374.jpg 1 0 0 63 63
p/1638959192064.jpg 1 0 0 110 110
p/1638959186518.jpg 1 0 0 118 118
p/1638959175559.jpg 1 0 0 72 72
p/1638959172917.jpg 1 0 0 53 53
p/1638959170879.jpg 1 0 0 79 79
p/1638959168662.jpg 1 0 0 52 52
p/1638959164421.jpg 1 0 0 50 50
p/1638959160173.jpg 1 0 0 54 54
p/1638959159824.jpg 1 0 0 65 65
p/1638959156588.jpg 1 0 0 53 53
p/1638959155887.jpg 1 0 0 81 81
p/1638959142926.jpg 1 0 0 49 49
p/1638959141593.jpg 1 0 0 57 57
p/1638959138351.jpg 1 0 0 54 54
p/1638959131357.jpg 1 0 0 55 55
p/1638959129536.jpg 1 0 0 69 69
p/1638959127701.jpg 1 0 0 43 43
p/1638959120872.jpg 1 0 0 74 74
p/1638959119837.jpg 1 0 0 63 63
p/1638959115614.jpg 1 0 0 55 55
p/1638959111437.jpg 1 0 0 46 46
p/1638959103869.jpg 1 0 0 59 59
p/1638959100294.jpg 1 0 0 54 54
p/1638959095056.jpg 1 0 0 79 79
p/1638959090136.jpg 1 0 0 44 44
p/1638959091055.jpg 1 0 0 98 98
p/1638959067857.jpg 1 0 0 85 85
p/1638959063829.jpg 1 0 0 73 73
p/1638959058654.jpg 1 0 0 66 66
p/1638959054574.jpg 1 0 0 59 59
p/1638959049926.jpg 1 0 0 53 53
p/1638959044469.jpg 1 0 0 43 43
p/1638959042319.jpg 1 0 0 94 94
p/1638959040013.jpg 1 0 0 33 33
p/1638959037927.jpg 1 0 0 113 113
p/1638959035261.jpg 1 0 0 31 31
p/1638959033239.jpg 1 0 0 108 108
p/1638959031149.jpg 1 0 0 32 32
p/1638959024717.jpg 1 0 0 31 31
p/1638959009798.jpg 1 0 0 86 86
p/1638959008987.jpg 1 0 0 86 86
p/1638959005077.jpg 1 0 0 76 76
p/1638959003175.jpg 1 0 0 110 110
p/1638958998941.jpg 1 0 0 63 63
p/1638958997712.jpg 1 0 0 120 120
p/1638958994061.jpg 1 0 0 38 38
p/1638958989885.jpg 1 0 0 39 39
p/1638958985077.jpg 1 0 0 35 35
p/1638958984831.jpg 1 0 0 94 94
p/1638958981348.jpg 1 0 0 33 33
p/1638958979825.jpg 1 0 0 125 125
p/1638958977854.jpg 1 0 0 28 28
p/1638958973486.jpg 1 0 0 28 28
p/1638958969222.jpg 1 0 0 28 28
p/1638958965848.jpg 1 0 0 75 75
p/1638958950508.jpg 1 0 0 66 66
p/1638958946398.jpg 1 0 0 60 60
p/1638958941469.jpg 1 0 0 52 52
p/1638958936511.jpg 1 0 0 49 49
p/1638958931174.jpg 1 0 0 40 40
p/1638958926662.jpg 1 0 0 35 35
p/1638958898958.jpg 1 0 0 53 53
p/1638958890616.jpg 1 0 0 75 75
p/1638958888781.jpg 1 0 0 61 61
p/1638958886279.jpg 1 0 0 75 75
p/1638958884237.jpg 1 0 0 51 51
p/1638958873134.jpg 1 0 0 111 111
p/1638958868784.jpg 1 0 0 106 106
p/1638958864117.jpg 1 0 0 92 92
p/1638958859757.jpg 1 0 0 87 87
p/1638958857776.jpg 1 0 0 94 94
p/1638958854365.jpg 1 0 0 76 76
p/1638958853504.jpg 1 0 0 84 84
p/1638958849772.jpg 1 0 0 68 68
p/1638958848208.jpg 1 0 0 105 105
p/1638958845461.jpg 1 0 0 58 58
p/1638958753294.jpg 1 0 0 50 50
p/1638958744453.jpg 1 0 0 44 44
p/1638958740501.jpg 1 0 0 43 43
p/1638958736645.jpg 1 0 0 39 39
p/1638958726933.jpg 1 0 0 87 87
p/1638958722670.jpg 1 0 0 83 83
p/1638958718469.jpg 1 0 0 68 68
p/1638958713998.jpg 1 0 0 63 63
p/1638958708132.jpg 1 0 0 58 58
p/1638958703245.jpg 1 0 0 55 55
p/1638958697580.jpg 1 0 0 53 53
p/1638958693589.jpg 1 0 0 50 50
p/1638958689893.jpg 1 0 0 47 47
p/1638958686029.jpg 1 0 0 40 40
p/1638958682109.jpg 1 0 0 40 40
p/1638958678356.jpg 1 0 0 36 36
p/1638958673509.jpg 1 0 0 31 31
p/1638958664566.jpg 1 0 0 31 31
p/1638958658525.jpg 1 0 0 26 26
p/1638958650493.jpg 1 0 0 37 37
p/1638958648080.jpg 1 0 0 79 79
p/1638958643465.jpg 1 0 0 89 89
p/1638958638198.jpg 1 0 0 101 101
p/1638958626256.jpg 1 0 0 60 60
p/1638958620992.jpg 1 0 0 63 63
p/1638958603720.jpg 1 0 0 55 55
p/1638958582820.jpg 1 0 0 104 104
p/1638958578181.jpg 1 0 0 99 99
p/1638958573365.jpg 1 0 0 79 79
p/1638958568405.jpg 1 0 0 74 74
p/1638958561068.jpg 1 0 0 67 67
p/1638958555927.jpg 1 0 0 59 59
p/1638958551701.jpg 1 0 0 50 50
p/1638958548013.jpg 1 0 0 48 48
p/1638958542229.jpg 1 0 0 42 42
p/1638958523109.jpg 1 0 0 60 60
p/1638958518054.jpg 1 0 0 39 39
p/1638958518376.jpg 1 0 0 55 55
p/1638958510037.jpg 1 0 0 72 72
p/1638958505172.jpg 1 0 0 63 63
p/1638958500214.jpg 1 0 0 57 57
p/1638958495516.jpg 1 0 0 47 47
p/1638958490033.jpg 1 0 0 108 108
p/1638958487101.jpg 1 0 0 64 64
p/1638958484400.jpg 1 0 0 86 86
p/1638958481957.jpg 1 0 0 56 56
p/1638958463541.jpg 1 0 0 56 56
p/1638958458964.jpg 1 0 0 55 55
p/1638958454326.jpg 1 0 0 50 50
p/1638958449998.jpg 1 0 0 48 48
p/1638958445749.jpg 1 0 0 45 45
p/1638958441613.jpg 1 0 0 46 46
p/1638958437548.jpg 1 0 0 44 44
p/1638958428606.jpg 1 0 0 35 35
p/1638958424181.jpg 1 0 0 26 26
p/1638958421016.jpg 1 0 0 74 74
p/1638958419213.jpg 1 0 0 24 24
p/1638958416016.jpg 1 0 0 93 93
p/1638958405381.jpg 1 0 0 78 78
p/1638958401676.jpg 1 0 0 72 72
p/1638958397469.jpg 1 0 0 68 68
p/1638958388960.jpg 1 0 0 93 93
p/1638958382509.jpg 1 0 0 58 58
p/1638958383136.jpg 1 0 0 91 91
p/1638958378502.jpg 1 0 0 52 52
p/1638958373677.jpg 1 0 0 51 51
p/1638958369088.jpg 1 0 0 93 93
p/1638958366294.jpg 1 0 0 119 119
p/1638958361534.jpg 1 0 0 98 98
p/1638958356437.jpg 1 0 0 76 76
p/1638958352582.jpg 1 0 0 70 70
p/1638958348086.jpg 1 0 0 64 64
p/1638958343397.jpg 1 0 0 58 58
p/1638958338693.jpg 1 0 0 57 57
p/1638958334294.jpg 1 0 0 54 54
p/1638958329629.jpg 1 0 0 51 51
p/1638958323308.jpg 1 0 0 48 48
p/1638958318325.jpg 1 0 0 46 46
p/1638958315167.jpg 1 0 0 81 81
p/1638958313366.jpg 1 0 0 44 44
p/1638958309493.jpg 1 0 0 43 43
p/1638958304638.jpg 1 0 0 36 36
p/1638958301102.jpg 1 0 0 37 37
p/1638958297261.jpg 1 0 0 35 35
p/1638958282953.jpg 1 0 0 103 103
p/1638958278612.jpg 1 0 0 62 62
p/1638958275121.jpg 1 0 0 136 136
p/1638958272709.jpg 1 0 0 62 62
p/1638958268606.jpg 1 0 0 57 57
p/1638958267280.jpg 1 0 0 89 89
p/1638958264261.jpg 1 0 0 54 54
p/1638958260510.jpg 1 0 0 51 51
p/1638958255941.jpg 1 0 0 39 39
p/1638958232193.jpg 1 0 0 93 93
p/1638958228002.jpg 1 0 0 108 108
p/1638958217613.jpg 1 0 0 86 86
p/1638958214689.jpg 1 0 0 63 63
p/1638958213007.jpg 1 0 0 83 83
p/1638958207886.jpg 1 0 0 82 82
p/1638958202865.jpg 1 0 0 70 70
p/1638958201478.jpg 1 0 0 72 72
p/1638958195253.jpg 1 0 0 65 65
p/1638958187549.jpg 1 0 0 58 58
p/1638958183125.jpg 1 0 0 78 78
p/1638958176133.jpg 1 0 0 58 58
p/1638958166237.jpg 1 0 0 123 123
p/1638958163946.jpg 1 0 0 70 70
p/1638958160509.jpg 1 0 0 108 108
p/1638958156301.jpg 1 0 0 94 94
p/1638958152006.jpg 1 0 0 86 86
p/1638958146381.jpg 1 0 0 70 70
p/1638958137477.jpg 1 0 0 125 125
p/1638958133629.jpg 1 0 0 111 111
p/1638958129796.jpg 1 0 0 96 96
p/1638958113326.jpg 1 0 0 48 48
p/1638958107573.jpg 1 0 0 53 53
p/1638958103661.jpg 1 0 0 51 51
p/1638958100856.jpg 1 0 0 75 75
p/1638958097982.jpg 1 0 0 59 59
p/1638958088038.jpg 1 0 0 92 92
p/1638958083221.jpg 1 0 0 74 74
p/1638958076909.jpg 1 0 0 40 40
p/1638958067468.jpg 1 0 0 108 108
p/1638958063813.jpg 1 0 0 97 97
p/1638958059229.jpg 1 0 0 86 86
p/1638958057153.jpg 1 0 0 96 96
p/1638958054805.jpg 1 0 0 73 73
p/1638958053233.jpg 1 0 0 105 105
p/1638958050598.jpg 1 0 0 65 65
p/1638958049431.jpg 1 0 0 127 127
p/1638958046340.jpg 1 0 0 58 58
p/1638958045073.jpg 1 0 0 137 137
p/1638958040438.jpg 1 0 0 55 55
p/1638958030013.jpg 1 0 0 89 89
p/1638958024158.jpg 1 0 0 80 80
p/1638958017997.jpg 1 0 0 67 67
p/1638958016200.jpg 1 0 0 99 99
p/1638958012877.jpg 1 0 0 58 58
p/1638958007933.jpg 1 0 0 48 48
p/1638958003113.jpg 1 0 0 99 99
p/1638958001662.jpg 1 0 0 38 38
p/1638957997272.jpg 1 0 0 75 75
p/1638957992060.jpg 1 0 0 82 82
p/1638957992905.jpg 1 0 0 91 91
p/1638957985301.jpg 1 0 0 82 82
p/1638957983170.jpg 1 0 0 105 105
p/1638957979368.jpg 1 0 0 77 77
p/1638957978073.jpg 1 0 0 94 94
p/1638957967737.jpg 1 0 0 70 70
p/1638957961474.jpg 1 0 0 79 79
p/1638957896296.jpg 1 0 0 65 65
p/1638957885065.jpg 1 0 0 57 57
p/1638957862873.jpg 1 0 0 86 86
p/1638957848504.jpg 1 0 0 110 110
p/1638957843187.jpg 1 0 0 81 81
p/1638957830713.jpg 1 0 0 43 43
p/1638957814865.jpg 1 0 0 70 70
p/1638957805209.jpg 1 0 0 122 122
p/1638957800457.jpg 1 0 0 106 106
p/1638957790177.jpg 1 0 0 94 94
p/1638957785426.jpg 1 0 0 70 70
p/1638957779553.jpg 1 0 0 65 65
p/1638957770226.jpg 1 0 0 58 58
p/1638957756474.jpg 1 0 0 53 53
p/1638957751850.jpg 1 0 0 51 51
p/1638957738466.jpg 1 0 0 82 82
p/1638957721577.jpg 1 0 0 86 86
p/1638957714562.jpg 1 0 0 81 81
p/1638957699721.jpg 1 0 0 72 72
p/1638957692129.jpg 1 0 0 67 67
p/1638957685337.jpg 1 0 0 62 62
p/1638957668938.jpg 1 0 0 41 41
p/1638957450978.jpg 1 0 0 89 89
p/1638957432762.jpg 1 0 0 81 81
p/1638957422490.jpg 1 0 0 70 70
p/1638957411506.jpg 1 0 0 86 86
p/1638957401809.jpg 1 0 0 65 65
p/1638957387764.jpg 1 0 0 65 65
p/1638957379441.jpg 1 0 0 60 60
p/1638957371028.jpg 1 0 0 48 48
p/1638957363906.jpg 1 0 0 67 67
p/1638957349554.jpg 1 0 0 103 103
p/1638957342883.jpg 1 0 0 55 55
p/1638957335457.jpg 1 0 0 46 46
p/1638957329898.jpg 1 0 0 39 39
p/1638957320338.jpg 1 0 0 53 53
p/1638957306075.jpg 1 0 0 113 113
p/1638957296386.jpg 1 0 0 101 101
p/1638957286811.jpg 1 0 0 57 57
p/1638938338183.jpg 1 0 0 43 43
p/1638938333871.jpg 1 0 0 40 40
p/1638938330406.jpg 1 0 0 36 36
p/1638938326932.jpg 1 0 0 35 35
p/1638938323464.jpg 1 0 0 34 34
p/1638938319744.jpg 1 0 0 36 36
p/1638938316080.jpg 1 0 0 32 32
p/1638938312330.jpg 1 0 0 28 28
p/1638938308389.jpg 1 0 0 30 30
p/1638938292031.jpg 1 0 0 72 72
p/1638938287608.jpg 1 0 0 57 57
p/1638938284175.jpg 1 0 0 53 53
p/1638938279608.jpg 1 0 0 42 42
p/1638938275991.jpg 1 0 0 41 41
p/1638938272222.jpg 1 0 0 41 41
p/1638938263670.jpg 1 0 0 61 61
p/1638938259398.jpg 1 0 0 57 57
p/1638938256216.jpg 1 0 0 58 58
p/1638938252622.jpg 1 0 0 50 50
p/1638938248055.jpg 1 0 0 49 49
p/1638938243951.jpg 1 0 0 48 48
p/1638938240118.jpg 1 0 0 42 42
p/1638938232975.jpg 1 0 0 76 76
p/1638938227812.jpg 1 0 0 69 69
p/1638938223290.jpg 1 0 0 62 62
p/1638938217853.jpg 1 0 0 59 59
p/1638938213431.jpg 1 0 0 55 55
p/1638938209870.jpg 1 0 0 47 47
p/1638938206462.jpg 1 0 0 48 48
p/1638938202630.jpg 1 0 0 45 45
p/1638938198764.jpg 1 0 0 44 44
p/1638938182880.jpg 1 0 0 58 58
p/1638938177560.jpg 1 0 0 52 52
p/1638938173446.jpg 1 0 0 47 47
p/1638938169567.jpg 1 0 0 42 42
p/1638938165631.jpg 1 0 0 43 43
p/1638938161600.jpg 1 0 0 42 42
p/1638938157503.jpg 1 0 0 43 43
p/1638938139806.jpg 1 0 0 53 53
p/1638938134671.jpg 1 0 0 53 53
p/1638938123884.jpg 1 0 0 62 62
p/1638938119095.jpg 1 0 0 64 64
p/1638938115334.jpg 1 0 0 56 56
p/1638938111216.jpg 1 0 0 49 49
p/1638938106167.jpg 1 0 0 49 49
p/1638938102591.jpg 1 0 0 44 44
p/1638938098624.jpg 1 0 0 39 39
p/1638938094173.jpg 1 0 0 34 34
p/1638938088772.jpg 1 0 0 34 34
p/1638938078685.jpg 1 0 0 39 39
p/1638938062150.jpg 1 0 0 44 44
p/1638938058416.jpg 1 0 0 41 41
p/1638938051239.jpg 1 0 0 40 40
p/1638938045558.jpg 1 0 0 36 36
p/1638938040967.jpg 1 0 0 38 38
p/1638938036285.jpg 1 0 0 35 35
p/1638938032382.jpg 1 0 0 34 34
p/1638938027742.jpg 1 0 0 34 34
p/1638938023047.jpg 1 0 0 30 30
p/1638938017591.jpg 1 0 0 31 31
p/1638938012630.jpg 1 0 0 29 29
p/1638938007440.jpg 1 0 0 29 29
p/1638937999023.jpg 1 0 0 60 60
p/1638937994335.jpg 1 0 0 57 57
p/1638937990168.jpg 1 0 0 51 51
p/1638937983394.jpg 1 0 0 50 50
p/1638937965061.jpg 1 0 0 41 41
p/1638937960950.jpg 1 0 0 37 37
p/1638937956551.jpg 1 0 0 36 36
p/1638937952455.jpg 1 0 0 32 32
p/1638937944100.jpg 1 0 0 102 102
p/1638937938165.jpg 1 0 0 95 95
p/1638937934547.jpg 1 0 0 83 83
p/1638937929880.jpg 1 0 0 79 79
p/1638937925776.jpg 1 0 0 64 64
p/1638937921293.jpg 1 0 0 49 49
p/1638937916949.jpg 1 0 0 47 47
p/1638937912311.jpg 1 0 0 40 40
p/1638937892534.jpg 1 0 0 71 71
p/1638937882075.jpg 1 0 0 57 57
p/1638937877719.jpg 1 0 0 56 56
p/1638937873183.jpg 1 0 0 53 53
p/1638937867327.jpg 1 0 0 50 50
p/1638937860756.jpg 1 0 0 44 44
p/1638937846622.jpg 1 0 0 70 70
p/1638937842768.jpg 1 0 0 64 64
p/1638937838516.jpg 1 0 0 60 60
p/1638937833045.jpg 1 0 0 47 47
p/1638937827040.jpg 1 0 0 41 41
p/1638937822107.jpg 1 0 0 33 33
p/1638937805838.jpg 1 0 0 61 61
p/1638937801103.jpg 1 0 0 56 56
p/1638937797070.jpg 1 0 0 55 55
p/1638937791342.jpg 1 0 0 48 48
p/1638937786421.jpg 1 0 0 48 48
p/1638937781352.jpg 1 0 0 35 35
p/1638937777016.jpg 1 0 0 33 33
p/1638937771527.jpg 1 0 0 32 32
p/1638937766336.jpg 1 0 0 28 28
p/1638937744751.jpg 1 0 0 52 52
p/1638937739742.jpg 1 0 0 57 57
p/1638937736760.jpg 1 0 0 57 57
p/1638937727647.jpg 1 0 0 73 73
p/1638937720608.jpg 1 0 0 47 47
p/1638937711621.jpg 1 0 0 88 88
p/1638937707319.jpg 1 0 0 77 77
p/1638937702735.jpg 1 0 0 63 63
p/1638937696142.jpg 1 0 0 62 62
p/1638937692326.jpg 1 0 0 56 56
p/1638937688231.jpg 1 0 0 48 48
p/1638937684120.jpg 1 0 0 46 46
p/1638937680395.jpg 1 0 0 41 41
p/1638937669669.jpg 1 0 0 114 114
p/1638937665373.jpg 1 0 0 83 83
p/1638937660119.jpg 1 0 0 68 68
p/1638937655508.jpg 1 0 0 60 60
p/1638937650420.jpg 1 0 0 52 52
p/1638937643887.jpg 1 0 0 52 52
p/1638937639469.jpg 1 0 0 45 45
p/1638937612478.jpg 1 0 0 28 28
p/1638937607507.jpg 1 0 0 29 29
p/1638937600983.jpg 1 0 0 82 82
p/1638937597140.jpg 1 0 0 61 61
p/1638937593217.jpg 1 0 0 50 50
p/1638937589423.jpg 1 0 0 42 42
p/1638937585210.jpg 1 0 0 38 38
p/1638937581949.jpg 1 0 0 36 36
p/1638937578507.jpg 1 0 0 32 32
p/1638937574398.jpg 1 0 0 33 33
p/1638937566822.jpg 1 0 0 94 94
p/1638937562453.jpg 1 0 0 77 77
p/1638937558708.jpg 1 0 0 72 72
p/1638937555391.jpg 1 0 0 71 71
p/1638937550750.jpg 1 0 0 60 60
p/1638937547134.jpg 1 0 0 62 62
p/1638937543614.jpg 1 0 0 56 56
p/1638937539082.jpg 1 0 0 54 54
p/1638937511795.jpg 1 0 0 113 113
p/1638937492597.jpg 1 0 0 56 56
p/1638937489415.jpg 1 0 0 47 47
p/1638937484847.jpg 1 0 0 45 45
p/1638937451572.jpg 1 0 0 38 38
p/1638937448046.jpg 1 0 0 34 34
p/1638937444295.jpg 1 0 0 36 36
p/1638937423140.jpg 1 0 0 57 57
p/1638937419823.jpg 1 0 0 56 56
p/1638937416339.jpg 1 0 0 56 56
p/1638937412741.jpg 1 0 0 51 51
p/1638937409534.jpg 1 0 0 48 48
p/1638937405943.jpg 1 0 0 42 42
p/1638937402439.jpg 1 0 0 42 42
p/1638937397430.jpg 1 0 0 40 40
p/1638937394326.jpg 1 0 0 39 39
p/1638937389379.jpg 1 0 0 40 40
p/1638937351134.jpg 1 0 0 139 139
p/1638937345238.jpg 1 0 0 106 106
p/1638937341519.jpg 1 0 0 88 88
p/1638937337638.jpg 1 0 0 81 81
p/1638937333703.jpg 1 0 0 78 78
p/1638937329560.jpg 1 0 0 66 66
p/1638937325990.jpg 1 0 0 60 60
p/1638937322043.jpg 1 0 0 57 57
p/1638937311502.jpg 1 0 0 63 63
p/1638937306175.jpg 1 0 0 59 59
p/1638937301013.jpg 1 0 0 55 55
p/1638937295334.jpg 1 0 0 54 54
p/1638937290583.jpg 1 0 0 45 45
p/1638937285655.jpg 1 0 0 42 42
p/1638937275535.jpg 1 0 0 106 106
p/1638937271088.jpg 1 0 0 87 87
p/1638937266373.jpg 1 0 0 79 79
p/1638937262639.jpg 1 0 0 67 67
p/1638937259376.jpg 1 0 0 65 65
p/1638937255263.jpg 1 0 0 61 61
p/1638937251686.jpg 1 0 0 57 57
p/1638937247038.jpg 1 0 0 52 52
p/1638937243591.jpg 1 0 0 46 46
p/1638937240118.jpg 1 0 0 44 44
p/1638937237267.jpg 1 0 0 48 48
p/1638937234638.jpg 1 0 0 40 40
p/1638937231845.jpg 1 0 0 37 37
p/1638937228062.jpg 1 0 0 35 35
p/1638937198507.jpg 1 0 0 124 124
p/1638937193782.jpg 1 0 0 97 97
p/1638937189643.jpg 1 0 0 81 81
p/1638937184543.jpg 1 0 0 76 76
p/1638937180350.jpg 1 0 0 68 68
p/1638937168715.jpg 1 0 0 106 106
p/1638937156470.jpg 1 0 0 81 81
p/1638937152302.jpg 1 0 0 71 71
p/1638937147493.jpg 1 0 0 65 65
p/1638937143302.jpg 1 0 0 54 54
p/1638937139511.jpg 1 0 0 52 52
p/1638937136671.jpg 1 0 0 50 50
p/1638937133309.jpg 1 0 0 48 48
p/1638937124112.jpg 1 0 0 77 77
p/1638937120271.jpg 1 0 0 70 70
p/1638937116358.jpg 1 0 0 67 67
p/1638937112159.jpg 1 0 0 62 62
p/1638937105560.jpg 1 0 0 55 55
p/1638937100269.jpg 1 0 0 55 55
p/1638937096070.jpg 1 0 0 50 50
p/1638937091735.jpg 1 0 0 49 49
p/1638937083547.jpg 1 0 0 68 68
p/1638937080075.jpg 1 0 0 64 64
p/1638937076070.jpg 1 0 0 61 61
p/1638937070946.jpg 1 0 0 54 54
p/1638937065607.jpg 1 0 0 55 55
p/1638937060942.jpg 1 0 0 49 49
p/1638937056390.jpg 1 0 0 48 48
p/1638937052166.jpg 1 0 0 43 43
p/1638937043663.jpg 1 0 0 124 124
p/1638937039039.jpg 1 0 0 119 119
p/1638937034645.jpg 1 0 0 101 101
p/1638937029887.jpg 1 0 0 82 82
p/1638937024590.jpg 1 0 0 77 77
p/1638937019925.jpg 1 0 0 74 74
p/1638937015829.jpg 1 0 0 66 66
p/1638936994910.jpg 1 0 0 64 64
p/1638936990311.jpg 1 0 0 55 55
p/1638936986772.jpg 1 0 0 52 52
p/1638936982454.jpg 1 0 0 47 47
p/1638936978698.jpg 1 0 0 45 45
p/1638936960534.jpg 1 0 0 41 41
p/1638936956382.jpg 1 0 0 39 39
p/1638936952142.jpg 1 0 0 38 38
p/1638936948629.jpg 1 0 0 37 37
p/1638936944760.jpg 1 0 0 36 36
p/1638936940955.jpg 1 0 0 36 36
p/1638936871012.jpg 1 0 0 77 77
p/1638936867092.jpg 1 0 0 79 79
p/1638936862015.jpg 1 0 0 69 69
p/1638936857884.jpg 1 0 0 62 62
p/1638936852750.jpg 1 0 0 59 59
p/1638936848651.jpg 1 0 0 57 57
p/1638936844709.jpg 1 0 0 56 56
p/1638936840959.jpg 1 0 0 56 56
p/1638936836750.jpg 1 0 0 55 55
p/1638936833053.jpg 1 0 0 52 52
p/1638936824119.jpg 1 0 0 76 76
p/1638936820172.jpg 1 0 0 64 64
p/1638936816069.jpg 1 0 0 63 63
p/1638936811935.jpg 1 0 0 58 58
p/1638936807903.jpg 1 0 0 57 57
p/1638936803533.jpg 1 0 0 51 51
p/1638936799684.jpg 1 0 0 52 52
p/1638936794966.jpg 1 0 0 49 49
p/1638936790503.jpg 1 0 0 45 45
p/1638936739174.jpg 1 0 0 39 39
p/1638936734111.jpg 1 0 0 36 36
p/1638936714582.jpg 1 0 0 66 66
p/1638936708830.jpg 1 0 0 56 56
p/1638936703718.jpg 1 0 0 48 48
p/1638936699030.jpg 1 0 0 45 45
p/1638936692902.jpg 1 0 0 44 44
p/1638936682781.jpg 1 0 0 61 61
p/1638936677763.jpg 1 0 0 58 58
p/1638936664492.jpg 1 0 0 91 91
p/1638936660239.jpg 1 0 0 70 70
p/1638936656374.jpg 1 0 0 69 69
p/1638936652694.jpg 1 0 0 62 62
p/1638936640487.jpg 1 0 0 108 108
p/1638936636022.jpg 1 0 0 110 110
p/1638936631071.jpg 1 0 0 87 87
p/1638936626502.jpg 1 0 0 73 73
p/1638936622883.jpg 1 0 0 77 77
p/1638936617348.jpg 1 0 0 61 61
p/1638936609030.jpg 1 0 0 56 56
p/1638936604143.jpg 1 0 0 54 54
p/1638936599519.jpg 1 0 0 49 49
p/1638936594703.jpg 1 0 0 43 43
p/1638936585352.jpg 1 0 0 74 74
p/1638936579966.jpg 1 0 0 68 68
p/1638936575495.jpg 1 0 0 63 63
p/1638936570533.jpg 1 0 0 56 56
p/1638936566254.jpg 1 0 0 52 52
p/1638936561559.jpg 1 0 0 51 51
p/1638936555603.jpg 1 0 0 47 47
p/1638936550158.jpg 1 0 0 45 45
p/1638936545279.jpg 1 0 0 44 44
p/1638936540989.jpg 1 0 0 43 43
p/1638936501083.jpg 1 0 0 55 55
p/1638936495067.jpg 1 0 0 47 47
p/1638936485174.jpg 1 0 0 45 45
p/1638936480853.jpg 1 0 0 46 46
p/1638936476469.jpg 1 0 0 41 41
p/1638936471350.jpg 1 0 0 43 43
p/1638936466701.jpg 1 0 0 40 40
p/1638936461894.jpg 1 0 0 40 40
p/1638936456716.jpg 1 0 0 39 39
p/1638936447023.jpg 1 0 0 125 125
p/1638932249752.jpg 1 0 0 115 115
p/1638932245226.jpg 1 0 0 95 95
p/1638932239696.jpg 1 0 0 82 82
p/1638932236003.jpg 1 0 0 74 74
p/1638932232116.jpg 1 0 0 69 69
p/1638932227979.jpg 1 0 0 64 64
p/1638932223011.jpg 1 0 0 57 57
p/1638932218419.jpg 1 0 0 53 53
p/1638932213667.jpg 1 0 0 51 51
p/1638932208585.jpg 1 0 0 47 47
p/1638932196411.jpg 1 0 0 77 77
p/1638932192084.jpg 1 0 0 76 76
p/1638932186559.jpg 1 0 0 67 67
p/1638932181867.jpg 1 0 0 60 60
p/1638932177331.jpg 1 0 0 60 60
p/1638932173586.jpg 1 0 0 56 56
p/1638932168689.jpg 1 0 0 49 49
p/1638932165266.jpg 1 0 0 48 48
p/1638932161785.jpg 1 0 0 45 45
p/1638932157259.jpg 1 0 0 33 33
p/1638932153227.jpg 1 0 0 34 34
p/1638932145626.jpg 1 0 0 126 126
p/1638932141090.jpg 1 0 0 114 114
p/1638932137475.jpg 1 0 0 100 100
p/1638932134083.jpg 1 0 0 95 95
p/1638932129875.jpg 1 0 0 90 90
p/1638932125458.jpg 1 0 0 84 84
p/1638932121651.jpg 1 0 0 77 77
p/1638932118146.jpg 1 0 0 71 71
p/1638932114288.jpg 1 0 0 70 70
p/1638932098186.jpg 1 0 0 67 67
p/1638932094828.jpg 1 0 0 63 63
p/1638932090491.jpg 1 0 0 57 57
p/1638932087338.jpg 1 0 0 54 54
p/1638932083882.jpg 1 0 0 49 49
p/1638932080105.jpg 1 0 0 45 45
p/1638932075970.jpg 1 0 0 36 36
p/1638932071890.jpg 1 0 0 30 30
p/1638932054266.jpg 1 0 0 78 78
p/1638932050371.jpg 1 0 0 64 64
p/1638932046219.jpg 1 0 0 58 58
p/1638932041679.jpg 1 0 0 48 48
p/1638932037043.jpg 1 0 0 41 41
p/1638932033625.jpg 1 0 0 38 38
p/1638932024979.jpg 1 0 0 54 54
p/1638931979169.jpg 1 0 0 151 151
p/1638931973793.jpg 1 0 0 136 136
p/1638931969298.jpg 1 0 0 116 116
p/1638931965039.jpg 1 0 0 115 115
p/1638931958212.jpg 1 0 0 78 78
p/1638931954651.jpg 1 0 0 76 76
p/1638931950018.jpg 1 0 0 69 69
p/1638931945256.jpg 1 0 0 71 71
p/1638931941290.jpg 1 0 0 121 121
p/1638931937015.jpg 1 0 0 104 104
p/1638931933235.jpg 1 0 0 104 104
p/1638931930147.jpg 1 0 0 98 98
p/1638931926523.jpg 1 0 0 91 91
p/1638931923018.jpg 1 0 0 88 88
p/1638931918979.jpg 1 0 0 85 85
p/1638931915346.jpg 1 0 0 75 75
p/1638931912236.jpg 1 0 0 72 72
p/1638931909119.jpg 1 0 0 68 68
p/1638931906290.jpg 1 0 0 71 71
p/1638931903143.jpg 1 0 0 64 64
p/1638931894834.jpg 1 0 0 56 56
p/1638931852969.jpg 1 0 0 88 88
p/1638931848939.jpg 1 0 0 76 76
p/1638931843042.jpg 1 0 0 73 73
p/1638931813810.jpg 1 0 0 116 116
p/1638931809995.jpg 1 0 0 102 102
p/1638931806243.jpg 1 0 0 87 87
p/1638931802946.jpg 1 0 0 79 79
p/1638931798727.jpg 1 0 0 75 75
p/1638931782354.jpg 1 0 0 92 92
p/1638931778730.jpg 1 0 0 83 83
p/1638931774827.jpg 1 0 0 76 76
p/1638931771241.jpg 1 0 0 71 71
p/1638931767698.jpg 1 0 0 69 69
p/1638931762866.jpg 1 0 0 49 49
p/1638931501295.jpg 1 0 0 150 150
p/1638931495242.jpg 1 0 0 114 114
p/1638931491425.jpg 1 0 0 107 107
p/1638931486855.jpg 1 0 0 100 100
p/1638931483199.jpg 1 0 0 97 97
p/1638931477655.jpg 1 0 0 90 90
p/1638931472698.jpg 1 0 0 75 75
p/1638931468792.jpg 1 0 0 64 64
p/1638931464848.jpg 1 0 0 63 63
p/1638931380063.jpg 1 0 0 65 65
p/1638931375591.jpg 1 0 0 63 63
p/1638931371983.jpg 1 0 0 61 61
p/1638931368456.jpg 1 0 0 56 56
p/1638931364768.jpg 1 0 0 55 55
p/1638931361407.jpg 1 0 0 54 54
p/1638931357720.jpg 1 0 0 57 57
p/1638931338167.jpg 1 0 0 101 101
p/1638931332191.jpg 1 0 0 86 86
p/1638931319432.jpg 1 0 0 53 53
p/1638931313479.jpg 1 0 0 49 49
p/1638931308584.jpg 1 0 0 41 41
p/1638931297305.jpg 1 0 0 172 172
p/1638931293175.jpg 1 0 0 163 163
p/1638931289295.jpg 1 0 0 151 151
p/1638931285775.jpg 1 0 0 141 141
p/1638931280623.jpg 1 0 0 127 127
p/1638931239104.jpg 1 0 0 122 122
p/1638931235776.jpg 1 0 0 114 114
p/1638931231724.jpg 1 0 0 95 95
p/1638931222592.jpg 1 0 0 133 133
p/1638931218240.jpg 1 0 0 114 114
p/1638931213527.jpg 1 0 0 94 94
p/1638931196095.jpg 1 0 0 84 84
p/1638931192112.jpg 1 0 0 75 75
p/1638931188255.jpg 1 0 0 73 73
p/1638931184167.jpg 1 0 0 68 68
p/1638931180232.jpg 1 0 0 58 58
p/1638931176391.jpg 1 0 0 52 52
p/1638931172278.jpg 1 0 0 51 51
p/1638931167719.jpg 1 0 0 46 46
p/1638931161336.jpg 1 0 0 46 46
p/1638931032121.jpg 1 0 0 78 78
p/1638931027895.jpg 1 0 0 68 68
p/1638931023455.jpg 1 0 0 50 50
p/1638931019087.jpg 1 0 0 46 46
p/1638931013927.jpg 1 0 0 32 32
p/1638931006278.jpg 1 0 0 133 133
p/1638931000615.jpg 1 0 0 105 105
p/1638930997234.jpg 1 0 0 94 94
p/1638930994134.jpg 1 0 0 78 78
p/1638930990497.jpg 1 0 0 65 65
p/1638930986410.jpg 1 0 0 58 58
p/1638930982414.jpg 1 0 0 54 54
p/1638930975167.jpg 1 0 0 92 92
p/1638930773918.jpg 1 0 0 64 64
p/1638930769113.jpg 1 0 0 36 36
p/1638930760790.jpg 1 0 0 125 125
p/1638930668559.jpg 1 0 0 109 109
p/1638930664655.jpg 1 0 0 93 93
p/1638930660046.jpg 1 0 0 72 72
p/1638930655527.jpg 1 0 0 59 59
p/1638930649447.jpg 1 0 0 36 36
p/1638930641030.jpg 1 0 0 138 138
p/1638930635728.jpg 1 0 0 98 98
p/1638930585560.jpg 1 0 0 79 79
p/1638930580393.jpg 1 0 0 70 70
p/1638930575878.jpg 1 0 0 60 60
p/1638930571950.jpg 1 0 0 56 56
p/1638930566798.jpg 1 0 0 56 56
p/1638930561767.jpg 1 0 0 49 49
p/1638930557327.jpg 1 0 0 52 52
p/1638930510551.jpg 1 0 0 41 41
p/1638930507046.jpg 1 0 0 45 45
p/1638930503145.jpg 1 0 0 36 36
p/1638930493382.jpg 1 0 0 30 30
p/1638930485887.jpg 1 0 0 48 48
p/1638930482095.jpg 1 0 0 52 52
p/1638930378763.jpg 1 0 0 50 50
p/1638930371455.jpg 1 0 0 38 38
p/1638930366135.jpg 1 0 0 47 47
p/1638930361215.jpg 1 0 0 44 44
p/1638930348160.jpg 1 0 0 43 43
p/1638930343999.jpg 1 0 0 118 118
p/1638930339470.jpg 1 0 0 93 93
p/1638930335751.jpg 1 0 0 76 76
p/1638930331487.jpg 1 0 0 70 70
p/1638930326638.jpg 1 0 0 52 52
p/1638930321751.jpg 1 0 0 48 48
p/1638930317198.jpg 1 0 0 38 38
p/1638930240414.jpg 1 0 0 67 67
p/1638930231302.jpg 1 0 0 62 62
p/1638930226470.jpg 1 0 0 51 51
p/1638930221885.jpg 1 0 0 44 44
p/1638930217270.jpg 1 0 0 38 38
p/1638930212854.jpg 1 0 0 37 37
p/1638930195072.jpg 1 0 0 102 102
p/1638930192454.jpg 1 0 0 108 108
p/1638930186126.jpg 1 0 0 98 98
p/1638930183599.jpg 1 0 0 89 89
p/1638930177471.jpg 1 0 0 76 76
p/1638930150159.jpg 1 0 0 103 103
p/1638930142663.jpg 1 0 0 85 85
p/1638930138869.jpg 1 0 0 68 68
p/1638930134728.jpg 1 0 0 60 60
p/1638930130870.jpg 1 0 0 50 50
p/1638930126070.jpg 1 0 0 47 47
p/1638930116814.jpg 1 0 0 71 71
p/1638930112462.jpg 1 0 0 57 57
p/1638930105382.jpg 1 0 0 51 51
p/1638930100013.jpg 1 0 0 53 53
p/1638930010686.jpg 1 0 0 126 126
p/1638930006950.jpg 1 0 0 113 113
p/1638929999879.jpg 1 0 0 86 86
p/1638929689014.jpg 1 0 0 50 50
p/1638929667480.jpg 1 0 0 108 108
p/1638929663670.jpg 1 0 0 75 75
p/1638929660223.jpg 1 0 0 68 68
p/1638929656447.jpg 1 0 0 57 57
p/1638929652406.jpg 1 0 0 53 53
p/1638929633200.jpg 1 0 0 70 70
p/1638929629029.jpg 1 0 0 60 60
p/1638929623935.jpg 1 0 0 54 54
p/1638929564584.jpg 1 0 0 49 49
p/1638929557902.jpg 1 0 0 135 135
p/1638929550542.jpg 1 0 0 87 87
p/1638929545549.jpg 1 0 0 71 71
p/1638929540391.jpg 1 0 0 57 57
p/1638929531471.jpg 1 0 0 167 167
p/1638929527527.jpg 1 0 0 157 157
p/1638929524102.jpg 1 0 0 143 143
p/1638929520512.jpg 1 0 0 141 141
p/1638929510926.jpg 1 0 0 89 89
p/1638929485030.jpg 1 0 0 113 113
p/1638929480519.jpg 1 0 0 77 77
p/1638929467390.jpg 1 0 0 91 91
p/1638929462662.jpg 1 0 0 85 85
p/1638929445381.jpg 1 0 0 133 133
p/1638929440270.jpg 1 0 0 113 113
p/1638929434946.jpg 1 0 0 93 93
p/1638929430974.jpg 1 0 0 91 91
p/1638929424710.jpg 1 0 0 70 70
p/1638929419183.jpg 1 0 0 66 66
p/1638929401717.jpg 1 0 0 74 74
p/1638929397342.jpg 1 0 0 60 60
p/1638929392158.jpg 1 0 0 54 54
p/1638929388749.jpg 1 0 0 55 55
p/1638929375911.jpg 1 0 0 58 58
p/1638929364558.jpg 1 0 0 70 70
p/1638929360583.jpg 1 0 0 64 64
p/1638929356910.jpg 1 0 0 55 55
p/1638929353118.jpg 1 0 0 51 51
p/1638929330582.jpg 1 0 0 69 69
p/1638929325845.jpg 1 0 0 66 66
p/1638929321158.jpg 1 0 0 58 58
p/1638929315943.jpg 1 0 0 52 52
p/1638929312918.jpg 1 0 0 55 55
p/1638929297127.jpg 1 0 0 115 115
p/1638929291709.jpg 1 0 0 97 97
p/1638929286774.jpg 1 0 0 89 89
p/1638929281752.jpg 1 0 0 76 76
p/1638929277293.jpg 1 0 0 67 67
p/1638929272478.jpg 1 0 0 65 65
p/1638929267909.jpg 1 0 0 60 60
p/1638929262856.jpg 1 0 0 53 53
p/1638929159694.jpg 1 0 0 52 52
p/1638929154616.jpg 1 0 0 51 51
p/1638929150078.jpg 1 0 0 46 46
p/1638929145350.jpg 1 0 0 42 42
p/1638929142047.jpg 1 0 0 41 41
p/1638929131494.jpg 1 0 0 52 52
p/1638929127353.jpg 1 0 0 55 55
p/1638929121765.jpg 1 0 0 63 63
p/1638929110309.jpg 1 0 0 88 88
p/1638929105849.jpg 1 0 0 78 78
p/1638929100798.jpg 1 0 0 68 68
p/1638929070493.jpg 1 0 0 63 63
p/1638929066261.jpg 1 0 0 55 55
p/1638929005646.jpg 1 0 0 49 49
p/1638928979535.jpg 1 0 0 69 69
p/1638928966646.jpg 1 0 0 109 109
p/1638928958095.jpg 1 0 0 94 94
p/1638928952822.jpg 1 0 0 85 85
p/1638928949069.jpg 1 0 0 81 81
p/1638928933253.jpg 1 0 0 67 67
p/1638928929310.jpg 1 0 0 64 64
p/1638928925413.jpg 1 0 0 57 57
p/1638928919846.jpg 1 0 0 50 50
p/1638928908455.jpg 1 0 0 50 50
p/1638928905261.jpg 1 0 0 48 48
p/1638928889197.jpg 1 0 0 90 90
p/1638928840206.jpg 1 0 0 80 80
p/1638928837360.jpg 1 0 0 81 81
p/1638928756230.jpg 1 0 0 81 81
p/1638928752145.jpg 1 0 0 66 66
p/1638928747758.jpg 1 0 0 75 75
p/1638928743669.jpg 1 0 0 70 70
p/1638928737182.jpg 1 0 0 56 56
p/1638928734485.jpg 1 0 0 58 58
p/1638928729621.jpg 1 0 0 52 52
p/1638928726925.jpg 1 0 0 52 52
p/1638928724430.jpg 1 0 0 52 52
p/1638928719671.jpg 1 0 0 43 43
p/1638928717054.jpg 1 0 0 42 42
p/1638928714140.jpg 1 0 0 45 45
p/1638928695717.jpg 1 0 0 56 56
p/1638928690597.jpg 1 0 0 54 54
p/1638928686118.jpg 1 0 0 53 53
p/1638928680533.jpg 1 0 0 52 52
p/1638928675973.jpg 1 0 0 49 49
p/1638928671744.jpg 1 0 0 45 45
p/1638928588836.jpg 1 0 0 46 46
p/1638928582772.jpg 1 0 0 42 42
p/1638928578190.jpg 1 0 0 41 41
p/1638928565908.jpg 1 0 0 18 18
p/1638928553797.jpg 1 0 0 102 102
p/1638928549629.jpg 1 0 0 87 87
p/1638928546062.jpg 1 0 0 86 86
p/1638928541944.jpg 1 0 0 78 78
p/1638928538302.jpg 1 0 0 69 69
p/1638928534374.jpg 1 0 0 69 69
p/1638928527886.jpg 1 0 0 64 64
p/1638928518885.jpg 1 0 0 51 51
p/1638928514030.jpg 1 0 0 49 49
p/1638928508622.jpg 1 0 0 44 44
p/1638928500621.jpg 1 0 0 39 39
p/1638928496013.jpg 1 0 0 40 40
p/1638928490045.jpg 1 0 0 36 36
p/1638928486581.jpg 1 0 0 39 39
p/1638927335421.jpg 1 0 0 34 34
p/1638927332404.jpg 1 0 0 33 33
p/1638927327619.jpg 1 0 0 31 31
p/1638927321934.jpg 1 0 0 27 27
p/1638927317331.jpg 1 0 0 27 27
p/1638857607887.jpg 1 0 0 66 66
p/1638857597933.jpg 1 0 0 109 109
p/1638857575135.jpg 1 0 0 39 39
p/1638857567632.jpg 1 0 0 74 74
p/1638857559281.jpg 1 0 0 28 28
p/1638857541328.jpg 1 0 0 45 45
p/1638857536695.jpg 1 0 0 82 82
p/1638857533969.jpg 1 0 0 77 77
p/1638857527608.jpg 1 0 0 48 48
p/1638857525649.jpg 1 0 0 58 58
p/1638857519497.jpg 1 0 0 22 22
p/1638857516951.jpg 1 0 0 21 21
p/1638857515424.jpg 1 0 0 23 23
p/1638857513562.jpg 1 0 0 23 23
p/1638857511625.jpg 1 0 0 20 20
p/1638857509176.jpg 1 0 0 21 21
p/1638857488368.jpg 1 0 0 24 24
p/1638857485560.jpg 1 0 0 27 27
p/1638857475504.jpg 1 0 0 25 25
p/1638857473042.jpg 1 0 0 26 26
p/1638857458056.jpg 1 0 0 30 30
p/1638857455855.jpg 1 0 0 24 24
p/1638857443729.jpg 1 0 0 26 26
p/1638857441096.jpg 1 0 0 21 21
p/1638857431713.jpg 1 0 0 14 14
p/1638857428983.jpg 1 0 0 14 14
p/1638857423016.jpg 1 0 0 20 20
p/1638857416265.jpg 1 0 0 26 26
p/1638857413823.jpg 1 0 0 27 27
p/1638857407320.jpg 1 0 0 23 23
p/1638857405248.jpg 1 0 0 25 25
p/1638857403232.jpg 1 0 0 19 19
p/1638857392096.jpg 1 0 0 24 24
p/1638857389416.jpg 1 0 0 31 31
p/1638857385736.jpg 1 0 0 47 47
p/1638857382423.jpg 1 0 0 46 46
p/1638857371674.jpg 1 0 0 26 26
p/1638857369809.jpg 1 0 0 24 24
p/1638857361880.jpg 1 0 0 24 24
p/1638857357328.jpg 1 0 0 63 63
p/1638857354751.jpg 1 0 0 45 45
p/1638857343616.jpg 1 0 0 23 23
p/1638857339775.jpg 1 0 0 22 22
p/1638857336787.jpg 1 0 0 24 24
p/1638857332289.jpg 1 0 0 50 50
p/1638857329672.jpg 1 0 0 47 47
p/1638857327473.jpg 1 0 0 47 47
p/1638857320896.jpg 1 0 0 72 72
p/1638857318863.jpg 1 0 0 75 75
p/1638857316442.jpg 1 0 0 85 85
p/1638857314257.jpg 1 0 0 76 76
p/1638857302865.jpg 1 0 0 32 32
p/1638857300671.jpg 1 0 0 38 38
p/1638857298400.jpg 1 0 0 39 39
p/1638857296408.jpg 1 0 0 31 31
p/1638857290616.jpg 1 0 0 53 53
p/1638857287903.jpg 1 0 0 55 55
p/1638857284983.jpg 1 0 0 54 54
p/1638857281872.jpg 1 0 0 47 47
p/1638857279600.jpg 1 0 0 44 44
p/1638857277408.jpg 1 0 0 47 47
p/1638857275392.jpg 1 0 0 45 45
p/1638857272223.jpg 1 0 0 44 44
p/1638857270125.jpg 1 0 0 42 42
p/1638857257832.jpg 1 0 0 118 118
p/1638857254865.jpg 1 0 0 132 132
p/1638857252425.jpg 1 0 0 132 132
p/1638857250064.jpg 1 0 0 79 79
p/1638857247375.jpg 1 0 0 78 78
p/1638857240994.jpg 1 0 0 25 25
p/1638857238393.jpg 1 0 0 19 19
p/1638857222376.jpg 1 0 0 17 17
p/1638857220392.jpg 1 0 0 22 22
p/1638857218048.jpg 1 0 0 20 20
p/1638857215768.jpg 1 0 0 20 20
p/1638857202476.jpg 1 0 0 46 46
p/1638857199195.jpg 1 0 0 40 40
p/1638857196727.jpg 1 0 0 42 42
p/1638857187880.jpg 1 0 0 28 28
p/1638857185942.jpg 1 0 0 24 24
p/1638857179489.jpg 1 0 0 14 14
p/1638857177335.jpg 1 0 0 12 12
p/1638857174880.jpg 1 0 0 12 12
p/1638857168777.jpg 1 0 0 25 25
p/1638857166103.jpg 1 0 0 18 18
p/1638857163727.jpg 1 0 0 19 19
p/1638857153823.jpg 1 0 0 28 28
p/1638857151303.jpg 1 0 0 29 29
p/1638857028232.jpg 1 0 0 32 32
p/1638857024680.jpg 1 0 0 32 32
p/1638857022330.jpg 1 0 0 29 29
p/1638857012521.jpg 1 0 0 23 23
p/1638857009466.jpg 1 0 0 20 20
p/1638857006825.jpg 1 0 0 22 22
p/1638856997720.jpg 1 0 0 13 13
p/1638856993865.jpg 1 0 0 15 15
p/1638856988281.jpg 1 0 0 26 26
p/1638856985777.jpg 1 0 0 20 20
p/1638856968120.jpg 1 0 0 38 38
p/1638856965377.jpg 1 0 0 45 45
p/1638856962121.jpg 1 0 0 32 32
p/1638856953064.jpg 1 0 0 23 23
p/1638856950777.jpg 1 0 0 23 23
p/1638856944498.jpg 1 0 0 26 26
p/1638856942311.jpg 1 0 0 25 25
p/1638856940313.jpg 1 0 0 26 26
p/1638856938320.jpg 1 0 0 22 22
p/1638856928304.jpg 1 0 0 18 18
p/1638856926128.jpg 1 0 0 19 19
p/1638856924217.jpg 1 0 0 19 19
p/1638856908824.jpg 1 0 0 23 23
p/1638856906359.jpg 1 0 0 21 21
p/1638856898481.jpg 1 0 0 48 48
p/1638856895928.jpg 1 0 0 46 46
p/1638856893720.jpg 1 0 0 50 50
p/1638856880657.jpg 1 0 0 35 35
p/1638856878820.jpg 1 0 0 31 31
p/1638856876841.jpg 1 0 0 30 30
p/1638856874105.jpg 1 0 0 28 28
p/1638856871865.jpg 1 0 0 29 29
p/1638856682649.jpg 1 0 0 34 34
p/1638856680815.jpg 1 0 0 37 37
p/1638856678655.jpg 1 0 0 33 33
p/1638856676095.jpg 1 0 0 34 34
p/1638856669985.jpg 1 0 0 102 102
p/1638856667304.jpg 1 0 0 115 115
p/1638856664504.jpg 1 0 0 86 86
p/1638856659113.jpg 1 0 0 73 73
p/1638856656256.jpg 1 0 0 66 66
p/1638856650561.jpg 1 0 0 69 69
p/1638856647682.jpg 1 0 0 63 63
p/1638856636642.jpg 1 0 0 28 28
p/1638856634588.jpg 1 0 0 28 28
p/1638856632264.jpg 1 0 0 25 25
p/1638856625680.jpg 1 0 0 15 15
p/1638856623921.jpg 1 0 0 16 16
p/1638856621793.jpg 1 0 0 16 16
p/1638856606352.jpg 1 0 0 22 22
p/1638856604161.jpg 1 0 0 23 23
p/1638856595456.jpg 1 0 0 24 24
p/1638856593503.jpg 1 0 0 23 23
p/1638856591128.jpg 1 0 0 24 24
p/1638856576690.jpg 1 0 0 28 28
p/1638856574008.jpg 1 0 0 29 29
p/1638856571097.jpg 1 0 0 28 28
p/1638856568512.jpg 1 0 0 29 29
p/1638856565713.jpg 1 0 0 30 30
p/1638856558242.jpg 1 0 0 29 29
p/1638856555745.jpg 1 0 0 28 28
p/1638856553400.jpg 1 0 0 30 30
p/1638856551105.jpg 1 0 0 28 28
p/1638856548491.jpg 1 0 0 26 26
p/1638856545519.jpg 1 0 0 31 31
p/1638856532180.jpg 1 0 0 112 112
p/1638856528963.jpg 1 0 0 118 118
p/1638856526210.jpg 1 0 0 121 121
p/1638856523281.jpg 1 0 0 124 124
p/1638856520416.jpg 1 0 0 122 122
p/1638856517017.jpg 1 0 0 118 118
p/1638856512184.jpg 1 0 0 123 123
p/1638856509424.jpg 1 0 0 124 124
p/1638856496423.jpg 1 0 0 14 14
p/1638856494168.jpg 1 0 0 15 15
p/1638856482094.jpg 1 0 0 38 38
p/1638856479110.jpg 1 0 0 39 39
p/1638856476168.jpg 1 0 0 42 42
p/1638856473185.jpg 1 0 0 34 34
p/1638856463937.jpg 1 0 0 29 29
p/1638856461296.jpg 1 0 0 32 32
p/1638856458225.jpg 1 0 0 31 31
p/1638856455897.jpg 1 0 0 30 30
p/1638856452697.jpg 1 0 0 33 33
p/1638856449883.jpg 1 0 0 31 31
p/1638856446993.jpg 1 0 0 30 30
p/1638856430392.jpg 1 0 0 36 36
p/1638856427880.jpg 1 0 0 47 47
p/1638856424879.jpg 1 0 0 48 48
p/1638856421409.jpg 1 0 0 32 32
p/1638856112546.jpg 1 0 0 71 71
p/1638856109434.jpg 1 0 0 69 69
p/1638856106499.jpg 1 0 0 78 78
p/1638856091489.jpg 1 0 0 23 23
p/1638856089193.jpg 1 0 0 27 27
p/1638856086407.jpg 1 0 0 23 23
p/1638856073729.jpg 1 0 0 74 74
p/1638856071321.jpg 1 0 0 84 84
p/1638856069417.jpg 1 0 0 79 79
p/1638856064128.jpg 1 0 0 38 38
p/1638856061066.jpg 1 0 0 38 38
p/1638856055928.jpg 1 0 0 40 40
p/1638856052698.jpg 1 0 0 39 39
p/1638856049458.jpg 1 0 0 41 41
p/1638856046784.jpg 1 0 0 33 33
p/1638856043850.jpg 1 0 0 35 35
p/1638856040872.jpg 1 0 0 43 43
p/1638856035352.jpg 1 0 0 51 51
p/1638856032513.jpg 1 0 0 52 52
p/1638856028234.jpg 1 0 0 51 51
p/1638856020145.jpg 1 0 0 33 33
p/1638856016792.jpg 1 0 0 30 30
p/1638856014152.jpg 1 0 0 26 26
p/1638856011944.jpg 1 0 0 26 26
p/1638856006590.jpg 1 0 0 17 17
p/1638856003665.jpg 1 0 0 15 15
p/1638856000842.jpg 1 0 0 17 17
p/1638855997642.jpg 1 0 0 15 15
p/1638855987226.jpg 1 0 0 24 24
p/1638855984977.jpg 1 0 0 21 21
p/1638855982561.jpg 1 0 0 24 24
p/1638855974722.jpg 1 0 0 22 22
p/1638855971353.jpg 1 0 0 20 20
p/1638855969216.jpg 1 0 0 19 19
p/1638855962984.jpg 1 0 0 17 17
p/1638855960952.jpg 1 0 0 15 15
p/1638855958450.jpg 1 0 0 14 14
p/1638855955087.jpg 1 0 0 17 17
p/1638855948729.jpg 1 0 0 20 20
p/1638855945977.jpg 1 0 0 22 22
p/1638855938347.jpg 1 0 0 36 36
p/1638855935632.jpg 1 0 0 32 32
p/1638852026869.jpg 1 0 0 18 18
p/1638852024484.jpg 1 0 0 16 16
p/1638852022315.jpg 1 0 0 19 19
p/1638852020308.jpg 1 0 0 19 19
p/1638851984877.jpg 1 0 0 27 27
p/1638851982910.jpg 1 0 0 30 30
p/1638851980909.jpg 1 0 0 25 25
p/1638851971613.jpg 1 0 0 29 29
p/1638851969037.jpg 1 0 0 29 29
p/1638851965869.jpg 1 0 0 28 28
p/1638851963659.jpg 1 0 0 24 24
p/1638851949983.jpg 1 0 0 20 20
p/1638851947540.jpg 1 0 0 17 17
p/1638851944850.jpg 1 0 0 19 19
p/1638851934309.jpg 1 0 0 51 51
p/1638851931452.jpg 1 0 0 53 53
p/1638851928629.jpg 1 0 0 47 47
p/1638851926501.jpg 1 0 0 46 46
p/1638851916299.jpg 1 0 0 39 39
p/1638851914222.jpg 1 0 0 43 43
p/1638851911883.jpg 1 0 0 37 37
p/1638851909036.jpg 1 0 0 39 39
p/1638851904349.jpg 1 0 0 86 86
p/1638851901717.jpg 1 0 0 96 96
p/1638851899150.jpg 1 0 0 89 89
p/1638851885253.jpg 1 0 0 40 40
p/1638851882840.jpg 1 0 0 34 34
p/1638851880038.jpg 1 0 0 29 29
p/1638851875772.jpg 1 0 0 13 13
p/1638851873500.jpg 1 0 0 12 12
p/1638851870325.jpg 1 0 0 12 12
p/1638851861699.jpg 1 0 0 42 42
p/1638851858941.jpg 1 0 0 36 36
p/1638851856363.jpg 1 0 0 31 31
p/1638851853526.jpg 1 0 0 40 40
p/1638851842085.jpg 1 0 0 75 75
p/1638851843771.jpg 1 0 0 72 72
p/1638851839804.jpg 1 0 0 72 72
p/1638851837205.jpg 1 0 0 74 74
p/1638851829340.jpg 1 0 0 77 77
p/1638851827139.jpg 1 0 0 71 71
p/1638851823636.jpg 1 0 0 66 66
p/1638851814723.jpg 1 0 0 57 57
p/1638851811979.jpg 1 0 0 56 56
p/1638851808980.jpg 1 0 0 57 57
p/1638851806989.jpg 1 0 0 51 51
p/1638851799301.jpg 1 0 0 16 16
p/1638851796899.jpg 1 0 0 15 15
p/1638851794715.jpg 1 0 0 14 14
p/1638851791572.jpg 1 0 0 14 14
p/1638851789158.jpg 1 0 0 14 14
p/1638851781516.jpg 1 0 0 40 40
p/1638851779310.jpg 1 0 0 40 40
p/1638851777205.jpg 1 0 0 40 40
p/1638851764332.jpg 1 0 0 20 20
p/1638851762019.jpg 1 0 0 17 17
p/1638851759436.jpg 1 0 0 17 17
p/1638851750371.jpg 1 0 0 22 22
p/1638851748307.jpg 1 0 0 23 23
p/1638851745253.jpg 1 0 0 26 26
p/1638851738564.jpg 1 0 0 25 25
p/1638851735764.jpg 1 0 0 25 25
p/1638851733532.jpg 1 0 0 20 20
p/1638851730532.jpg 1 0 0 49 49
p/1638851727668.jpg 1 0 0 43 43
p/1638851724341.jpg 1 0 0 47 47
p/1638851713745.jpg 1 0 0 35 35
p/1638851711996.jpg 1 0 0 38 38
p/1638851708157.jpg 1 0 0 41 41
p/1638851709852.jpg 1 0 0 40 40
p/1638851706212.jpg 1 0 0 40 40
p/1638851703829.jpg 1 0 0 37 37
p/1638851701068.jpg 1 0 0 42 42
p/1638851692316.jpg 1 0 0 14 14
p/1638851689581.jpg 1 0 0 15 15
p/1638851687270.jpg 1 0 0 14 14
p/1638851685254.jpg 1 0 0 14 14
p/1638851674941.jpg 1 0 0 21 21
p/1638851672852.jpg 1 0 0 25 25
p/1638851670392.jpg 1 0 0 22 22
p/1638851667932.jpg 1 0 0 23 23
p/1638851665732.jpg 1 0 0 24 24
p/1638851660253.jpg 1 0 0 66 66
p/1638851657293.jpg 1 0 0 60 60
p/1638851654596.jpg 1 0 0 64 64
p/1638851648197.jpg 1 0 0 64 64
p/1638851645899.jpg 1 0 0 75 75
p/1638851642309.jpg 1 0 0 31 31
p/1638851640069.jpg 1 0 0 37 37
p/1638851637652.jpg 1 0 0 31 31
p/1638851634916.jpg 1 0 0 66 66
p/1638851631861.jpg 1 0 0 74 74
p/1638851618199.jpg 1 0 0 18 18
p/1638851615925.jpg 1 0 0 14 14
p/1638851613829.jpg 1 0 0 21 21
p/1638851611628.jpg 1 0 0 22 22
p/1638851609852.jpg 1 0 0 21 21
p/1638851607660.jpg 1 0 0 21 21
p/1638851602392.jpg 1 0 0 81 81
p/1638851600180.jpg 1 0 0 94 94
p/1638851597671.jpg 1 0 0 88 88
p/1638851594856.jpg 1 0 0 68 68
p/1638851586763.jpg 1 0 0 22 22
p/1638851584408.jpg 1 0 0 23 23
p/1638851581860.jpg 1 0 0 23 23
p/1638851579125.jpg 1 0 0 21 21
p/1638851577133.jpg 1 0 0 22 22
p/1638851570804.jpg 1 0 0 52 52
p/1638851567972.jpg 1 0 0 57 57
p/1638851565173.jpg 1 0 0 61 61
p/1638851563009.jpg 1 0 0 49 49
p/1638851555772.jpg 1 0 0 68 68
p/1638851553755.jpg 1 0 0 71 71
p/1638851551346.jpg 1 0 0 61 61
p/1638851549387.jpg 1 0 0 69 69
p/1638851542093.jpg 1 0 0 57 57
p/1638851539388.jpg 1 0 0 55 55
p/1638851536838.jpg 1 0 0 51 51
p/1638851534455.jpg 1 0 0 51 51
p/1638851518741.jpg 1 0 0 23 23
p/1638851516885.jpg 1 0 0 24 24
p/1638851514844.jpg 1 0 0 23 23
p/1638851512996.jpg 1 0 0 23 23
p/1638851508245.jpg 1 0 0 32 32
p/1638851505876.jpg 1 0 0 32 32
p/1638851503365.jpg 1 0 0 40 40
p/1638851499790.jpg 1 0 0 37 37
p/1638851496679.jpg 1 0 0 36 36
p/1638851494005.jpg 1 0 0 35 35
p/1638851491053.jpg 1 0 0 33 33
p/1638851470957.jpg 1 0 0 16 16
p/1638851468813.jpg 1 0 0 16 16
p/1638851466470.jpg 1 0 0 17 17
p/1638851464206.jpg 1 0 0 16 16
p/1638851462125.jpg 1 0 0 15 15
p/1638851459590.jpg 1 0 0 16 16
p/1638851456733.jpg 1 0 0 16 16
p/1638851454292.jpg 1 0 0 18 18
p/1638851445733.jpg 1 0 0 28 28
p/1638851443710.jpg 1 0 0 34 34
p/1638851332740.jpg 1 0 0 33 33
p/1638851330254.jpg 1 0 0 29 29
p/1638851327925.jpg 1 0 0 29 29
p/1638851325572.jpg 1 0 0 28 28
p/1638851323092.jpg 1 0 0 29 29
p/1638851313940.jpg 1 0 0 64 64
p/1638851309742.jpg 1 0 0 18 18
p/1638851307252.jpg 1 0 0 76 76
p/1638851304076.jpg 1 0 0 26 26
p/1638851294269.jpg 1 0 0 16 16
p/1638851290461.jpg 1 0 0 17 17
p/1638851287013.jpg 1 0 0 15 15
p/1638851284127.jpg 1 0 0 17 17
p/1638851281533.jpg 1 0 0 17 17
p/1638851277734.jpg 1 0 0 18 18
p/1638851275149.jpg 1 0 0 14 14
p/1638851271989.jpg 1 0 0 17 17
p/1638851268740.jpg 1 0 0 20 20
p/1638851266181.jpg 1 0 0 21 21
p/1638851263845.jpg 1 0 0 18 18
p/1638851254670.jpg 1 0 0 53 53
p/1638851061588.jpg 1 0 0 49 49
p/1638851059213.jpg 1 0 0 50 50
p/1638851057076.jpg 1 0 0 46 46
p/1638851054909.jpg 1 0 0 48 48
p/1638851048573.jpg 1 0 0 18 18
p/1638851046340.jpg 1 0 0 19 19
p/1638851044180.jpg 1 0 0 19 19
p/1638851042287.jpg 1 0 0 19 19
p/1638851039686.jpg 1 0 0 19 19
p/1638851037473.jpg 1 0 0 19 19
p/1638851026699.jpg 1 0 0 43 43
p/1638851024181.jpg 1 0 0 34 34
p/1638851021909.jpg 1 0 0 48 48
p/1638851019388.jpg 1 0 0 44 44
p/1638851012331.jpg 1 0 0 6 6
p/1638851010054.jpg 1 0 0 6 6
p/1638851007496.jpg 1 0 0 6 6
p/1638851001301.jpg 1 0 0 31 31
p/1638850999205.jpg 1 0 0 31 31
p/1638850996767.jpg 1 0 0 26 26
p/1638850986589.jpg 1 0 0 103 103
p/1638850984005.jpg 1 0 0 90 90
p/1638850980108.jpg 1 0 0 114 114
p/1638850977705.jpg 1 0 0 134 134
p/1638850975470.jpg 1 0 0 98 98
p/1638850972844.jpg 1 0 0 104 104
p/1638850961437.jpg 1 0 0 54 54
p/1638850959373.jpg 1 0 0 55 55
p/1638850957058.jpg 1 0 0 53 53
p/1638850954622.jpg 1 0 0 56 56
p/1638850952637.jpg 1 0 0 55 55
p/1638850950590.jpg 1 0 0 55 55
p/1638850948053.jpg 1 0 0 52 52
p/1638850945213.jpg 1 0 0 55 55
p/1638850942758.jpg 1 0 0 54 54
p/1638850940253.jpg 1 0 0 52 52
p/1638850937549.jpg 1 0 0 52 52
p/1638850934885.jpg 1 0 0 52 52
p/1638850928372.jpg 1 0 0 23 23
p/1638850926421.jpg 1 0 0 23 23
p/1638850924093.jpg 1 0 0 25 25
p/1638850921972.jpg 1 0 0 23 23
p/1638850919781.jpg 1 0 0 24 24
p/1638850909341.jpg 1 0 0 18 18
p/1638850906540.jpg 1 0 0 29 29
p/1638850903989.jpg 1 0 0 23 23
p/1638850900076.jpg 1 0 0 18 18
p/1638850890069.jpg 1 0 0 24 24
p/1638850887525.jpg 1 0 0 23 23
p/1638850885036.jpg 1 0 0 22 22
p/1638850882717.jpg 1 0 0 23 23
p/1638850875158.jpg 1 0 0 32 32
p/1638850872744.jpg 1 0 0 36 36
p/1638850869669.jpg 1 0 0 41 41
p/1638850866647.jpg 1 0 0 38 38
p/1638850864209.jpg 1 0 0 37 37
p/1638850846013.jpg 1 0 0 17 17
p/1638850843374.jpg 1 0 0 17 17
p/1638850840534.jpg 1 0 0 16 16
p/1638850836751.jpg 1 0 0 17 17
p/1638850826773.jpg 1 0 0 10 10
p/1638850824455.jpg 1 0 0 10 10
p/1638850821624.jpg 1 0 0 11 11
p/1638850818964.jpg 1 0 0 11 11
p/1638850815468.jpg 1 0 0 10 10
p/1638850808647.jpg 1 0 0 20 20
p/1638850806325.jpg 1 0 0 17 17
p/1638850804149.jpg 1 0 0 17 17
p/1638850801661.jpg 1 0 0 18 18
p/1638850799253.jpg 1 0 0 19 19
p/1638850791999.jpg 1 0 0 24 24
p/1638850789358.jpg 1 0 0 26 26
p/1638850787389.jpg 1 0 0 25 25
p/1638850785281.jpg 1 0 0 22 22
p/1638850782966.jpg 1 0 0 28 28
p/1638850772054.jpg 1 0 0 36 36
p/1638850769709.jpg 1 0 0 31 31
p/1638850766477.jpg 1 0 0 29 29
p/1638850762805.jpg 1 0 0 32 32
p/1638850758981.jpg 1 0 0 40 40
p/1638850756812.jpg 1 0 0 45 45
p/1638850754596.jpg 1 0 0 41 41
p/1638850752333.jpg 1 0 0 40 40
p/1638850749575.jpg 1 0 0 48 48
p/1638850746576.jpg 1 0 0 47 47
p/1638850743580.jpg 1 0 0 48 48
p/1638850740365.jpg 1 0 0 51 51
p/1638850732389.jpg 1 0 0 24 24
p/1638850728381.jpg 1 0 0 29 29
p/1638850725070.jpg 1 0 0 29 29
p/1638850722229.jpg 1 0 0 31 31
p/1638850719439.jpg 1 0 0 29 29
p/1638850716389.jpg 1 0 0 29 29
p/1638850713485.jpg 1 0 0 29 29
p/1638850709853.jpg 1 0 0 48 48
p/1638850706951.jpg 1 0 0 50 50
p/1638850703413.jpg 1 0 0 46 46
p/1638850698932.jpg 1 0 0 43 43
p/1638850695088.jpg 1 0 0 43 43
p/1638850692270.jpg 1 0 0 47 47
p/1638850688413.jpg 1 0 0 43 43
p/1638850672284.jpg 1 0 0 19 19
p/1638850668533.jpg 1 0 0 20 20
p/1638850665149.jpg 1 0 0 20 20
p/1638850661957.jpg 1 0 0 20 20
p/1638850654557.jpg 1 0 0 24 24
p/1638850651926.jpg 1 0 0 21 21
p/1638850648781.jpg 1 0 0 21 21
p/1638850639077.jpg 1 0 0 14 14
p/1638850635772.jpg 1 0 0 15 15
p/1638850633140.jpg 1 0 0 15 15
p/1638850630064.jpg 1 0 0 13 13
p/1638850626157.jpg 1 0 0 30 30
p/1638850623830.jpg 1 0 0 27 27
p/1638850621837.jpg 1 0 0 30 30
p/1638850619285.jpg 1 0 0 25 25
p/1638850616373.jpg 1 0 0 29 29
p/1638850607038.jpg 1 0 0 16 16
p/1638850604245.jpg 1 0 0 16 16
p/1638850601654.jpg 1 0 0 14 14
p/1638850592278.jpg 1 0 0 38 38
p/1638850589317.jpg 1 0 0 38 38
p/1638850586358.jpg 1 0 0 34 34
p/1638850583078.jpg 1 0 0 42 42
p/1638850579789.jpg 1 0 0 36 36
p/1638850577220.jpg 1 0 0 39 39
p/1638850574339.jpg 1 0 0 43 43
p/1638850562001.jpg 1 0 0 59 59
p/1638850559775.jpg 1 0 0 58 58
p/1638850557350.jpg 1 0 0 64 64
p/1638850553718.jpg 1 0 0 52 52
p/1638850550734.jpg 1 0 0 63 63
p/1638850548181.jpg 1 0 0 56 56
p/1638850545492.jpg 1 0 0 48 48
p/1638850536341.jpg 1 0 0 10 10
p/1638850533909.jpg 1 0 0 10 10
p/1638850531189.jpg 1 0 0 12 12
p/1638850528949.jpg 1 0 0 11 11
p/1638850526190.jpg 1 0 0 9 9
p/1638850513173.jpg 1 0 0 12 12
p/1638850511160.jpg 1 0 0 12 12
p/1638850508670.jpg 1 0 0 12 12
p/1638850506293.jpg 1 0 0 12 12
p/1638850503701.jpg 1 0 0 12 12
p/1638850493572.jpg 1 0 0 16 16
p/1638850491421.jpg 1 0 0 18 18
p/1638850488829.jpg 1 0 0 18 18
p/1638850486677.jpg 1 0 0 18 18
p/1638850484558.jpg 1 0 0 16 16
p/1638850481741.jpg 1 0 0 16 16
p/1638850478990.jpg 1 0 0 17 17
p/1638850470727.jpg 1 0 0 16 16
p/1638850466146.jpg 1 0 0 18 18
p/1638850463646.jpg 1 0 0 17 17
p/1638850461479.jpg 1 0 0 18 18
p/1638850459317.jpg 1 0 0 20 20
p/1638850457237.jpg 1 0 0 20 20
p/1638850455062.jpg 1 0 0 18 18
p/1638850452725.jpg 1 0 0 19 19
p/1638850448582.jpg 1 0 0 34 34
p/1638850445200.jpg 1 0 0 35 35
p/1638850441951.jpg 1 0 0 33 33
p/1638850438466.jpg 1 0 0 34 34
p/1638850435634.jpg 1 0 0 35 35
p/1638850432462.jpg 1 0 0 33 33
p/1638850429293.jpg 1 0 0 32 32
p/1638850425784.jpg 1 0 0 37 37
p/1638850415718.jpg 1 0 0 24 24
p/1638850413117.jpg 1 0 0 29 29
p/1638850411148.jpg 1 0 0 29 29
p/1638850408430.jpg 1 0 0 35 35
p/1638850405904.jpg 1 0 0 38 38
p/1638850403006.jpg 1 0 0 32 32
p/1638850400304.jpg 1 0 0 32 32
p/1638850383511.jpg 1 0 0 15 15
p/1638850380671.jpg 1 0 0 16 16
p/1638850378526.jpg 1 0 0 18 18
p/1638850376423.jpg 1 0 0 15 15
p/1638850374359.jpg 1 0 0 14 14
p/1638850371534.jpg 1 0 0 15 15
p/1638850363599.jpg 1 0 0 39 39
p/1638850361037.jpg 1 0 0 38 38
p/1638850358286.jpg 1 0 0 35 35
p/1638850355741.jpg 1 0 0 40 40
p/1638850347318.jpg 1 0 0 14 14
p/1638850344566.jpg 1 0 0 12 12
p/1638850342151.jpg 1 0 0 15 15
p/1638850339167.jpg 1 0 0 14 14
p/1638850336416.jpg 1 0 0 15 15
p/1638850333517.jpg 1 0 0 14 14
p/1638850330965.jpg 1 0 0 15 15
p/1638850328025.jpg 1 0 0 14 14
p/1638850319704.jpg 1 0 0 26 26
p/1638850315990.jpg 1 0 0 30 30
p/1638850312449.jpg 1 0 0 31 31
p/1638850310004.jpg 1 0 0 25 25
p/1638850307611.jpg 1 0 0 29 29
p/1638850304849.jpg 1 0 0 29 29
p/1638850302141.jpg 1 0 0 30 30
p/1638850299231.jpg 1 0 0 27 27
p/1638850296816.jpg 1 0 0 28 28
p/1638850293800.jpg 1 0 0 32 32
p/1638850290420.jpg 1 0 0 27 27
p/1638850286866.jpg 1 0 0 30 30
p/1638850268207.jpg 1 0 0 19 19
p/1638850266229.jpg 1 0 0 21 21
p/1638850263783.jpg 1 0 0 18 18
p/1638850261654.jpg 1 0 0 19 19
p/1638850259343.jpg 1 0 0 19 19
p/1638850257583.jpg 1 0 0 22 22
p/1638850254885.jpg 1 0 0 18 18
p/1638850247528.jpg 1 0 0 40 40
p/1638850244837.jpg 1 0 0 37 37
p/1638850241203.jpg 1 0 0 39 39
p/1638850238247.jpg 1 0 0 38 38
p/1638850235448.jpg 1 0 0 45 45
p/1638850230959.jpg 1 0 0 41 41
p/1638850227957.jpg 1 0 0 41 41
p/1638850224878.jpg 1 0 0 43 43
p/1638850212188.jpg 1 0 0 22 22
p/1638850210184.jpg 1 0 0 20 20
p/1638850207886.jpg 1 0 0 22 22
p/1638850205039.jpg 1 0 0 22 22
p/1638850202487.jpg 1 0 0 23 23
p/1638850199997.jpg 1 0 0 22 22
p/1638850196942.jpg 1 0 0 22 22
p/1638850194455.jpg 1 0 0 22 22
p/1638850192048.jpg 1 0 0 23 23
p/1638850189975.jpg 1 0 0 23 23
p/1638850187399.jpg 1 0 0 25 25
p/1638850184801.jpg 1 0 0 29 29
p/1638850181533.jpg 1 0 0 21 21
p/1638850178469.jpg 1 0 0 23 23
p/1638850169550.jpg 1 0 0 21 21
p/1638850166778.jpg 1 0 0 20 20
p/1638850155534.jpg 1 0 0 10 10
p/1638850152205.jpg 1 0 0 11 11
p/1638850150000.jpg 1 0 0 11 11
p/1638850141094.jpg 1 0 0 20 20
p/1638850138278.jpg 1 0 0 21 21
p/1638850135806.jpg 1 0 0 24 24
p/1638850133229.jpg 1 0 0 24 24
p/1638850130909.jpg 1 0 0 21 21
p/1638850128207.jpg 1 0 0 21 21
p/1638850125950.jpg 1 0 0 21 21
p/1638850123309.jpg 1 0 0 21 21
p/1638850119918.jpg 1 0 0 22 22
p/1638850117406.jpg 1 0 0 20 20
p/1638850115086.jpg 1 0 0 21 21
p/1638850106288.jpg 1 0 0 36 36
p/1638850103901.jpg 1 0 0 40 40
p/1638850101148.jpg 1 0 0 36 36
p/1638850098704.jpg 1 0 0 37 37
p/1638850096248.jpg 1 0 0 34 34
p/1638850093717.jpg 1 0 0 39 39
p/1638850091605.jpg 1 0 0 44 44
p/1638850088847.jpg 1 0 0 36 36
p/1638850079568.jpg 1 0 0 42 42
p/1638850076782.jpg 1 0 0 47 47
p/1638850073694.jpg 1 0 0 39 39
p/1638850070911.jpg 1 0 0 42 42
p/1638850066422.jpg 1 0 0 25 25
p/1638850064008.jpg 1 0 0 30 30
p/1638850061456.jpg 1 0 0 29 29
p/1638850058510.jpg 1 0 0 24 24
p/1638850044719.jpg 1 0 0 26 26
p/1638850041150.jpg 1 0 0 21 21
p/1638850038037.jpg 1 0 0 25 25
p/1638850035062.jpg 1 0 0 34 34
p/1638850031870.jpg 1 0 0 30 30
p/1638850028191.jpg 1 0 0 25 25
p/1638850017084.jpg 1 0 0 16 16
p/1638850013909.jpg 1 0 0 15 15
p/1638850011351.jpg 1 0 0 15 15
p/1638850008509.jpg 1 0 0 15 15
p/1638850005525.jpg 1 0 0 15 15
p/1638849995606.jpg 1 0 0 16 16
p/1638849992408.jpg 1 0 0 37 37
p/1638849988191.jpg 1 0 0 38 38
p/1638849985726.jpg 1 0 0 38 38
p/1638849983030.jpg 1 0 0 35 35
p/1638849979797.jpg 1 0 0 39 39
p/1638849976381.jpg 1 0 0 37 37
p/1638849973405.jpg 1 0 0 39 39
p/1638849969962.jpg 1 0 0 42 42
p/1638849967141.jpg 1 0 0 39 39
p/1638849964446.jpg 1 0 0 38 38
p/1638849961437.jpg 1 0 0 37 37
p/1638849958558.jpg 1 0 0 37 37
p/1638849954754.jpg 1 0 0 37 37
p/1638849951494.jpg 1 0 0 39 39
p/1638849946599.jpg 1 0 0 35 35
p/1638849942880.jpg 1 0 0 34 34
p/1638849935606.jpg 1 0 0 10 10
p/1638849932813.jpg 1 0 0 10 10
p/1638849930256.jpg 1 0 0 10 10
p/1638849927733.jpg 1 0 0 10 10
p/1638849924573.jpg 1 0 0 10 10
p/1638849921766.jpg 1 0 0 10 10
p/1638849918862.jpg 1 0 0 10 10
p/1638849916057.jpg 1 0 0 10 10
p/1638849907278.jpg 1 0 0 14 14
p/1638849904838.jpg 1 0 0 16 16
p/1638849902437.jpg 1 0 0 15 15
p/1638849899901.jpg 1 0 0 15 15
p/1638849897112.jpg 1 0 0 14 14
p/1638849894221.jpg 1 0 0 14 14
p/1638849883055.jpg 1 0 0 19 19
p/1638849880359.jpg 1 0 0 17 17
p/1638849877880.jpg 1 0 0 18 18
p/1638849874414.jpg 1 0 0 16 16
p/1638849852455.jpg 1 0 0 22 22
p/1638849849919.jpg 1 0 0 24 24
p/1638849846700.jpg 1 0 0 25 25
p/1638849844113.jpg 1 0 0 29 29
p/1638849840485.jpg 1 0 0 25 25
p/1638849837350.jpg 1 0 0 22 22
p/1638849834254.jpg 1 0 0 25 25
p/1638849823911.jpg 1 0 0 13 13
p/1638849818053.jpg 1 0 0 14 14
p/1638849814632.jpg 1 0 0 12 12
p/1638849811454.jpg 1 0 0 14 14
p/1638849807917.jpg 1 0 0 13 13
p/1638849805055.jpg 1 0 0 14 14
p/1638849801710.jpg 1 0 0 13 13
p/1638849799006.jpg 1 0 0 14 14
p/1638849790573.jpg 1 0 0 12 12
p/1638849787639.jpg 1 0 0 12 12
p/1638849784630.jpg 1 0 0 12 12
p/1638849780643.jpg 1 0 0 10 10
p/1638849777084.jpg 1 0 0 12 12
p/1638849774078.jpg 1 0 0 12 12
p/1638849761096.jpg 1 0 0 16 16
p/1638849756798.jpg 1 0 0 14 14
p/1638849753600.jpg 1 0 0 14 14
p/1638849750998.jpg 1 0 0 15 15
p/1638849748415.jpg 1 0 0 15 15
p/1638849746016.jpg 1 0 0 15 15
p/1638849743622.jpg 1 0 0 14 14
p/1638849740949.jpg 1 0 0 16 16
p/1638849737431.jpg 1 0 0 15 15
p/1638849734278.jpg 1 0 0 14 14
p/1638849730494.jpg 1 0 0 14 14
p/1638849727334.jpg 1 0 0 14 14
p/1638849716270.jpg 1 0 0 18 18
p/1638849712806.jpg 1 0 0 17 17
p/1638849709622.jpg 1 0 0 19 19
p/1638849700166.jpg 1 0 0 14 14
p/1638849695982.jpg 1 0 0 16 16
p/1638849687981.jpg 1 0 0 63 63
p/1638849684253.jpg 1 0 0 63 63
p/1638849679888.jpg 1 0 0 52 52
p/1638849677006.jpg 1 0 0 79 79
p/1638849674031.jpg 1 0 0 61 61
p/1638849664967.jpg 1 0 0 10 10
p/1638849662141.jpg 1 0 0 11 11
p/1638849659453.jpg 1 0 0 10 10
p/1638849657326.jpg 1 0 0 11 11
p/1638849654969.jpg 1 0 0 10 10
p/1638849652111.jpg 1 0 0 12 12
p/1638849648502.jpg 1 0 0 11 11
p/1638849645761.jpg 1 0 0 10 10
p/1638849642726.jpg 1 0 0 11 11
p/1638849639534.jpg 1 0 0 10 10
p/1638849627909.jpg 1 0 0 33 33
p/1638849621870.jpg 1 0 0 30 30
p/1638849605054.jpg 1 0 0 19 19
p/1638849601616.jpg 1 0 0 17 17
p/1638849599120.jpg 1 0 0 19 19
p/1638849595822.jpg 1 0 0 17 17
p/1638849584155.jpg 1 0 0 34 34
p/1638849580335.jpg 1 0 0 34 34
p/1638849577497.jpg 1 0 0 33 33
p/1638849574229.jpg 1 0 0 34 34
p/1638849571295.jpg 1 0 0 34 34
p/1638849568209.jpg 1 0 0 31 31
p/1638849565085.jpg 1 0 0 35 35
p/1638849561661.jpg 1 0 0 34 34
p/1638849558382.jpg 1 0 0 35 35
p/1638849548253.jpg 1 0 0 17 17
p/1638849544464.jpg 1 0 0 19 19
p/1638849541143.jpg 1 0 0 18 18
p/1638849536270.jpg 1 0 0 18 18
p/1638849533317.jpg 1 0 0 18 18
p/1638849530609.jpg 1 0 0 17 17
p/1638849528158.jpg 1 0 0 18 18
p/1638849525240.jpg 1 0 0 18 18
p/1638849520587.jpg 1 0 0 21 21
p/1638849517596.jpg 1 0 0 18 18
p/1638849514524.jpg 1 0 0 15 15
p/1638849511615.jpg 1 0 0 20 20
p/1638849505936.jpg 1 0 0 19 19
p/1638849493213.jpg 1 0 0 21 21
p/1638849489567.jpg 1 0 0 21 21
p/1638849485681.jpg 1 0 0 20 20
p/1638849482405.jpg 1 0 0 20 20
p/1638849474048.jpg 1 0 0 17 17
p/1638849464831.jpg 1 0 0 24 24
p/1638849456744.jpg 1 0 0 19 19
p/1638849452838.jpg 1 0 0 23 23
p/1638849449311.jpg 1 0 0 23 23
p/1638849443205.jpg 1 0 0 16 16
p/1638849440141.jpg 1 0 0 16 16
p/1638849436015.jpg 1 0 0 15 15
p/1638849432135.jpg 1 0 0 17 17
p/1638849418055.jpg 1 0 0 16 16
p/1638849408502.jpg 1 0 0 17 17
p/1638849405085.jpg 1 0 0 17 17
p/1638849395465.jpg 1 0 0 58 58
p/1638849391626.jpg 1 0 0 74 74
p/1638849388551.jpg 1 0 0 85 85
p/1638849385022.jpg 1 0 0 88 88
p/1638849381957.jpg 1 0 0 74 74
p/1638849377838.jpg 1 0 0 71 71
p/1638849369823.jpg 1 0 0 19 19
p/1638849365822.jpg 1 0 0 17 17
p/1638849362960.jpg 1 0 0 18 18
p/1638849359958.jpg 1 0 0 24 24
p/1638849354568.jpg 1 0 0 25 25